[0.175s] DEBUG:colcon:Command line arguments: ['/usr/bin/colcon', 'build', '--merge-install', '--symlink-install', '--packages-select', 'my_first_pkg']
[0.176s] DEBUG:colcon:Parsed command line arguments: Namespace(log_base=None, log_level=None, verb_name='build', build_base='build', install_base='install', merge_install=True, symlink_install=True, test_result_base=None, continue_on_error=False, executor='parallel', parallel_workers=4, event_handlers=None, ignore_user_meta=False, metas=['./colcon.meta'], base_paths=['.'], packages_ignore=None, packages_ignore_regex=None, paths=None, packages_up_to=None, packages_up_to_regex=None, packages_above=None, packages_above_and_dependencies=None, packages_above_depth=None, packages_select_by_dep=None, packages_skip_by_dep=None, packages_skip_up_to=None, packages_select_build_failed=False, packages_skip_build_finished=False, packages_select_test_failures=False, packages_skip_test_passed=False, packages_select=['my_first_pkg'], packages_skip=None, packages_select_regex=None, packages_skip_regex=None, packages_start=None, packages_end=None, allow_overriding=[], cmake_args=None, cmake_target=None, cmake_target_skip_unavailable=False, cmake_clean_cache=False, cmake_clean_first=False, cmake_force_configure=False, ament_cmake_args=None, catkin_cmake_args=None, catkin_skip_building_tests=False, verb_parser=<colcon_defaults.argument_parser.defaults.DefaultArgumentsDecorator object at 0xffffa71fd5e0>, verb_extension=<colcon_core.verb.build.BuildVerb object at 0xffffa73ae0c0>, main=<bound method BuildVerb.main of <colcon_core.verb.build.BuildVerb object at 0xffffa73ae0c0>>)
[0.234s] Level 1:colcon.colcon_core.package_discovery:discover_packages(colcon_meta) check parameters
[0.234s] Level 1:colcon.colcon_core.package_discovery:discover_packages(recursive) check parameters
[0.234s] Level 1:colcon.colcon_core.package_discovery:discover_packages(ignore) check parameters
[0.234s] Level 1:colcon.colcon_core.package_discovery:discover_packages(path) check parameters
[0.234s] Level 1:colcon.colcon_core.package_discovery:discover_packages(colcon_meta) discover
[0.234s] Level 1:colcon.colcon_core.package_discovery:discover_packages(recursive) discover
[0.234s] INFO:colcon.colcon_core.package_discovery:Crawling recursively for packages in '/home/sbr/ros2_ws'
[0.235s] Level 1:colcon.colcon_core.package_identification:_identify(.) by extensions ['ignore', 'ignore_ament_install']
[0.235s] Level 1:colcon.colcon_core.package_identification:_identify(.) by extension 'ignore'
[0.235s] Level 1:colcon.colcon_core.package_identification:_identify(.) by extension 'ignore_ament_install'
[0.235s] Level 1:colcon.colcon_core.package_identification:_identify(.) by extensions ['colcon_pkg']
[0.235s] Level 1:colcon.colcon_core.package_identification:_identify(.) by extension 'colcon_pkg'
[0.235s] Level 1:colcon.colcon_core.package_identification:_identify(.) by extensions ['colcon_meta']
[0.235s] Level 1:colcon.colcon_core.package_identification:_identify(.) by extension 'colcon_meta'
[0.235s] Level 1:colcon.colcon_core.package_identification:_identify(.) by extensions ['ros']
[0.235s] Level 1:colcon.colcon_core.package_identification:_identify(.) by extension 'ros'
[0.274s] Level 1:colcon.colcon_core.package_identification:_identify(.) by extensions ['cmake', 'python']
[0.274s] Level 1:colcon.colcon_core.package_identification:_identify(.) by extension 'cmake'
[0.274s] Level 1:colcon.colcon_core.package_identification:_identify(.) by extension 'python'
[0.274s] Level 1:colcon.colcon_core.package_identification:_identify(.) by extensions ['python_setup_py']
[0.275s] Level 1:colcon.colcon_core.package_identification:_identify(.) by extension 'python_setup_py'
[0.275s] Level 1:colcon.colcon_core.package_identification:_identify(build) by extensions ['ignore', 'ignore_ament_install']
[0.275s] Level 1:colcon.colcon_core.package_identification:_identify(build) by extension 'ignore'
[0.275s] Level 1:colcon.colcon_core.package_identification:_identify(build) ignored
[0.275s] Level 1:colcon.colcon_core.package_identification:_identify(install) by extensions ['ignore', 'ignore_ament_install']
[0.275s] Level 1:colcon.colcon_core.package_identification:_identify(install) by extension 'ignore'
[0.275s] Level 1:colcon.colcon_core.package_identification:_identify(install) ignored
[0.275s] Level 1:colcon.colcon_core.package_identification:_identify(log) by extensions ['ignore', 'ignore_ament_install']
[0.275s] Level 1:colcon.colcon_core.package_identification:_identify(log) by extension 'ignore'
[0.275s] Level 1:colcon.colcon_core.package_identification:_identify(log) ignored
[0.276s] Level 1:colcon.colcon_core.package_identification:_identify(src) by extensions ['ignore', 'ignore_ament_install']
[0.276s] Level 1:colcon.colcon_core.package_identification:_identify(src) by extension 'ignore'
[0.276s] Level 1:colcon.colcon_core.package_identification:_identify(src) by extension 'ignore_ament_install'
[0.276s] Level 1:colcon.colcon_core.package_identification:_identify(src) by extensions ['colcon_pkg']
[0.276s] Level 1:colcon.colcon_core.package_identification:_identify(src) by extension 'colcon_pkg'
[0.276s] Level 1:colcon.colcon_core.package_identification:_identify(src) by extensions ['colcon_meta']
[0.276s] Level 1:colcon.colcon_core.package_identification:_identify(src) by extension 'colcon_meta'
[0.276s] Level 1:colcon.colcon_core.package_identification:_identify(src) by extensions ['ros']
[0.276s] Level 1:colcon.colcon_core.package_identification:_identify(src) by extension 'ros'
[0.276s] Level 1:colcon.colcon_core.package_identification:_identify(src) by extensions ['cmake', 'python']
[0.276s] Level 1:colcon.colcon_core.package_identification:_identify(src) by extension 'cmake'
[0.276s] Level 1:colcon.colcon_core.package_identification:_identify(src) by extension 'python'
[0.276s] Level 1:colcon.colcon_core.package_identification:_identify(src) by extensions ['python_setup_py']
[0.276s] Level 1:colcon.colcon_core.package_identification:_identify(src) by extension 'python_setup_py'
[0.276s] Level 1:colcon.colcon_core.package_identification:_identify(src/my_first_pkg) by extensions ['ignore', 'ignore_ament_install']
[0.276s] Level 1:colcon.colcon_core.package_identification:_identify(src/my_first_pkg) by extension 'ignore'
[0.276s] Level 1:colcon.colcon_core.package_identification:_identify(src/my_first_pkg) by extension 'ignore_ament_install'
[0.276s] Level 1:colcon.colcon_core.package_identification:_identify(src/my_first_pkg) by extensions ['colcon_pkg']
[0.277s] Level 1:colcon.colcon_core.package_identification:_identify(src/my_first_pkg) by extension 'colcon_pkg'
[0.277s] Level 1:colcon.colcon_core.package_identification:_identify(src/my_first_pkg) by extensions ['colcon_meta']
[0.277s] Level 1:colcon.colcon_core.package_identification:_identify(src/my_first_pkg) by extension 'colcon_meta'
[0.277s] Level 1:colcon.colcon_core.package_identification:_identify(src/my_first_pkg) by extensions ['ros']
[0.277s] Level 1:colcon.colcon_core.package_identification:_identify(src/my_first_pkg) by extension 'ros'
[0.282s] DEBUG:colcon.colcon_core.package_identification:Package 'src/my_first_pkg' with type 'ros.ament_python' and name 'my_first_pkg'
[0.282s] Level 1:colcon.colcon_core.package_discovery:discover_packages(recursive) using defaults
[0.282s] Level 1:colcon.colcon_core.package_discovery:discover_packages(ignore) discover
[0.282s] Level 1:colcon.colcon_core.package_discovery:discover_packages(ignore) using defaults
[0.282s] Level 1:colcon.colcon_core.package_discovery:discover_packages(path) discover
[0.282s] Level 1:colcon.colcon_core.package_discovery:discover_packages(path) using defaults
[0.315s] Level 1:colcon.colcon_core.package_discovery:discover_packages(prefix_path) check parameters
[0.315s] Level 1:colcon.colcon_core.package_discovery:discover_packages(prefix_path) discover
[0.318s] DEBUG:colcon.colcon_installed_package_information.package_discovery:Found 1 installed packages in /home/sbr/ros2_ws/install
[0.320s] DEBUG:colcon.colcon_installed_package_information.package_discovery:Found 288 installed packages in /opt/ros/jazzy
[0.321s] Level 1:colcon.colcon_core.package_discovery:discover_packages(prefix_path) using defaults
[0.386s] Level 5:colcon.colcon_core.verb:set package 'my_first_pkg' build argument 'cmake_args' from command line to 'None'
[0.386s] Level 5:colcon.colcon_core.verb:set package 'my_first_pkg' build argument 'cmake_target' from command line to 'None'
[0.386s] Level 5:colcon.colcon_core.verb:set package 'my_first_pkg' build argument 'cmake_target_skip_unavailable' from command line to 'False'
[0.386s] Level 5:colcon.colcon_core.verb:set package 'my_first_pkg' build argument 'cmake_clean_cache' from command line to 'False'
[0.386s] Level 5:colcon.colcon_core.verb:set package 'my_first_pkg' build argument 'cmake_clean_first' from command line to 'False'
[0.386s] Level 5:colcon.colcon_core.verb:set package 'my_first_pkg' build argument 'cmake_force_configure' from command line to 'False'
[0.386s] Level 5:colcon.colcon_core.verb:set package 'my_first_pkg' build argument 'ament_cmake_args' from command line to 'None'
[0.386s] Level 5:colcon.colcon_core.verb:set package 'my_first_pkg' build argument 'catkin_cmake_args' from command line to 'None'
[0.386s] Level 5:colcon.colcon_core.verb:set package 'my_first_pkg' build argument 'catkin_skip_building_tests' from command line to 'False'
[0.386s] DEBUG:colcon.colcon_core.verb:Building package 'my_first_pkg' with the following arguments: {'ament_cmake_args': None, 'build_base': '/home/sbr/ros2_ws/build/my_first_pkg', 'catkin_cmake_args': None, 'catkin_skip_building_tests': False, 'cmake_args': None, 'cmake_clean_cache': False, 'cmake_clean_first': False, 'cmake_force_configure': False, 'cmake_target': None, 'cmake_target_skip_unavailable': False, 'install_base': '/home/sbr/ros2_ws/install', 'merge_install': True, 'path': '/home/sbr/ros2_ws/src/my_first_pkg', 'symlink_install': True, 'test_result_base': None}
[0.387s] INFO:colcon.colcon_core.executor:Executing jobs using 'parallel' executor
[0.388s] DEBUG:colcon.colcon_parallel_executor.executor.parallel:run_until_complete
[0.389s] INFO:colcon.colcon_ros.task.ament_python.build:Building ROS package in '/home/sbr/ros2_ws/src/my_first_pkg' with build type 'ament_python'
[0.389s] Level 1:colcon.colcon_core.shell:create_environment_hook('my_first_pkg', 'ament_prefix_path')
[0.391s] INFO:colcon.colcon_core.plugin_system:Skipping extension 'colcon_core.shell.bat': Not used on non-Windows systems
[0.392s] INFO:colcon.colcon_core.shell:Creating environment hook '/home/sbr/ros2_ws/install/share/my_first_pkg/hook/ament_prefix_path.ps1'
[0.393s] INFO:colcon.colcon_core.shell:Creating environment descriptor '/home/sbr/ros2_ws/install/share/my_first_pkg/hook/ament_prefix_path.dsv'
[0.399s] INFO:colcon.colcon_core.shell:Creating environment hook '/home/sbr/ros2_ws/install/share/my_first_pkg/hook/ament_prefix_path.sh'
[0.401s] INFO:colcon.colcon_core.shell:Skip shell extension 'powershell' for command environment: Not usable outside of PowerShell
[0.401s] DEBUG:colcon.colcon_core.shell:Skip shell extension 'dsv' for command environment
[0.944s] WARNING:colcon.colcon_ros.task.ament_python.build:Package 'my_first_pkg' doesn't explicitly install a marker in the package index (colcon-ros currently does it implicitly but that fallback will be removed in the future)
[0.944s] WARNING:colcon.colcon_ros.task.ament_python.build:Package 'my_first_pkg' doesn't explicitly install the 'package.xml' file (colcon-ros currently does it implicitly but that fallback will be removed in the future)
[0.944s] INFO:colcon.colcon_core.task.python.build:Building Python package in '/home/sbr/ros2_ws/src/my_first_pkg'
[0.945s] INFO:colcon.colcon_core.shell:Skip shell extension 'powershell' for command environment: Not usable outside of PowerShell
[0.945s] DEBUG:colcon.colcon_core.shell:Skip shell extension 'dsv' for command environment
[2.030s] DEBUG:colcon.colcon_core.event_handler.log_command:Invoking command in '/home/sbr/ros2_ws/build/my_first_pkg': DEBUGINFOD_URLS=https://debuginfod.ubuntu.com PYTHONPATH=/home/sbr/ros2_ws/build/my_first_pkg/prefix_override:/usr/lib/python3/dist-packages/colcon_core/task/python/colcon_distutils_commands:/home/sbr/ros2_ws/install/lib/python3.12/site-packages:${PYTHONPATH} /usr/bin/python3 -W ignore:setup.py install is deprecated -W ignore:easy_install command is deprecated setup.py develop --editable --build-directory /home/sbr/ros2_ws/build/my_first_pkg/build --no-deps
[3.098s] Level 1:colcon.colcon_core.shell:create_environment_hook('my_first_pkg', 'pythonpath_develop')
[3.099s] INFO:colcon.colcon_core.shell:Creating environment hook '/home/sbr/ros2_ws/build/my_first_pkg/share/my_first_pkg/hook/pythonpath_develop.ps1'
[3.100s] INFO:colcon.colcon_core.shell:Creating environment descriptor '/home/sbr/ros2_ws/build/my_first_pkg/share/my_first_pkg/hook/pythonpath_develop.dsv'
[3.101s] DEBUG:colcon.colcon_core.event_handler.log_command:Invoked command in '/home/sbr/ros2_ws/build/my_first_pkg' returned '0': DEBUGINFOD_URLS=https://debuginfod.ubuntu.com PYTHONPATH=/home/sbr/ros2_ws/build/my_first_pkg/prefix_override:/usr/lib/python3/dist-packages/colcon_core/task/python/colcon_distutils_commands:/home/sbr/ros2_ws/install/lib/python3.12/site-packages:${PYTHONPATH} /usr/bin/python3 -W ignore:setup.py install is deprecated -W ignore:easy_install command is deprecated setup.py develop --editable --build-directory /home/sbr/ros2_ws/build/my_first_pkg/build --no-deps
[3.107s] INFO:colcon.colcon_core.shell:Creating environment hook '/home/sbr/ros2_ws/build/my_first_pkg/share/my_first_pkg/hook/pythonpath_develop.sh'
[3.120s] Level 1:colcon.colcon_core.environment:checking '/home/sbr/ros2_ws/install' for CMake module files
[3.121s] Level 1:colcon.colcon_core.environment:checking '/home/sbr/ros2_ws/install' for CMake config files
[3.122s] Level 1:colcon.colcon_core.environment:checking '/home/sbr/ros2_ws/install/lib'
[3.123s] Level 1:colcon.colcon_core.environment:checking '/home/sbr/ros2_ws/install/bin'
[3.123s] Level 1:colcon.colcon_core.shell:create_environment_hook('my_first_pkg', 'path')
[3.124s] INFO:colcon.colcon_core.shell:Creating environment hook '/home/sbr/ros2_ws/install/share/my_first_pkg/hook/path.ps1'
[3.125s] INFO:colcon.colcon_core.shell:Creating environment descriptor '/home/sbr/ros2_ws/install/share/my_first_pkg/hook/path.dsv'
[3.131s] INFO:colcon.colcon_core.shell:Creating environment hook '/home/sbr/ros2_ws/install/share/my_first_pkg/hook/path.sh'
[3.133s] Level 1:colcon.colcon_core.environment:checking '/home/sbr/ros2_ws/install/lib/pkgconfig/my_first_pkg.pc'
[3.133s] Level 1:colcon.colcon_core.environment:checking '/home/sbr/ros2_ws/install/lib/python3.12/site-packages'
[3.134s] Level 1:colcon.colcon_core.shell:create_environment_hook('my_first_pkg', 'pythonpath')
[3.134s] INFO:colcon.colcon_core.shell:Creating environment hook '/home/sbr/ros2_ws/install/share/my_first_pkg/hook/pythonpath.ps1'
[3.135s] INFO:colcon.colcon_core.shell:Creating environment descriptor '/home/sbr/ros2_ws/install/share/my_first_pkg/hook/pythonpath.dsv'
[3.139s] INFO:colcon.colcon_core.shell:Creating environment hook '/home/sbr/ros2_ws/install/share/my_first_pkg/hook/pythonpath.sh'
[3.141s] Level 1:colcon.colcon_core.environment:checking '/home/sbr/ros2_ws/install/bin'
[3.141s] Level 1:colcon.colcon_core.shell:create_environment_hook('my_first_pkg', 'pythonscriptspath')
[3.142s] INFO:colcon.colcon_core.shell:Creating environment hook '/home/sbr/ros2_ws/install/share/my_first_pkg/hook/pythonscriptspath.ps1'
[3.143s] INFO:colcon.colcon_core.shell:Creating environment descriptor '/home/sbr/ros2_ws/install/share/my_first_pkg/hook/pythonscriptspath.dsv'
[3.146s] INFO:colcon.colcon_core.shell:Creating environment hook '/home/sbr/ros2_ws/install/share/my_first_pkg/hook/pythonscriptspath.sh'
[3.148s] Level 1:colcon.colcon_core.environment:create_environment_scripts_only(my_first_pkg)
[3.149s] INFO:colcon.colcon_core.shell:Creating package script '/home/sbr/ros2_ws/install/share/my_first_pkg/package.ps1'
[3.153s] INFO:colcon.colcon_core.shell:Creating package descriptor '/home/sbr/ros2_ws/install/share/my_first_pkg/package.dsv'
[3.156s] INFO:colcon.colcon_core.shell:Creating package script '/home/sbr/ros2_ws/install/share/my_first_pkg/package.sh'
[3.160s] INFO:colcon.colcon_core.shell:Creating package script '/home/sbr/ros2_ws/install/share/my_first_pkg/package.bash'
[3.163s] INFO:colcon.colcon_core.shell:Creating package script '/home/sbr/ros2_ws/install/share/my_first_pkg/package.zsh'
[3.165s] Level 1:colcon.colcon_core.environment:create_file_with_runtime_dependencies(/home/sbr/ros2_ws/install/share/colcon-core/packages/my_first_pkg)
[3.167s] DEBUG:colcon.colcon_parallel_executor.executor.parallel:closing loop
[3.169s] DEBUG:colcon.colcon_parallel_executor.executor.parallel:loop closed
[3.169s] DEBUG:colcon.colcon_parallel_executor.executor.parallel:run_until_complete finished with '0'
[3.169s] DEBUG:colcon.colcon_core.event_reactor:joining thread
[3.185s] INFO:colcon.colcon_core.plugin_system:Skipping extension 'colcon_notification.desktop_notification.terminal_notifier': Not used on non-Darwin systems
[3.185s] INFO:colcon.colcon_core.plugin_system:Skipping extension 'colcon_notification.desktop_notification.win32': Not used on non-Windows systems
[3.185s] INFO:colcon.colcon_notification.desktop_notification:Sending desktop notification using 'notify2'
[3.249s] DEBUG:colcon.colcon_core.event_reactor:joined thread
[3.250s] INFO:colcon.colcon_core.shell:Creating prefix script '/home/sbr/ros2_ws/install/local_setup.ps1'
[3.252s] INFO:colcon.colcon_core.shell:Creating prefix util module '/home/sbr/ros2_ws/install/_local_setup_util_ps1.py'
[3.259s] INFO:colcon.colcon_core.shell:Creating prefix chain script '/home/sbr/ros2_ws/install/setup.ps1'
[3.264s] INFO:colcon.colcon_core.shell:Creating prefix script '/home/sbr/ros2_ws/install/local_setup.sh'
[3.266s] INFO:colcon.colcon_core.shell:Creating prefix util module '/home/sbr/ros2_ws/install/_local_setup_util_sh.py'
[3.269s] INFO:colcon.colcon_core.shell:Creating prefix chain script '/home/sbr/ros2_ws/install/setup.sh'
[3.274s] INFO:colcon.colcon_core.shell:Creating prefix script '/home/sbr/ros2_ws/install/local_setup.bash'
[3.276s] INFO:colcon.colcon_core.shell:Creating prefix chain script '/home/sbr/ros2_ws/install/setup.bash'
[3.287s] INFO:colcon.colcon_core.shell:Creating prefix script '/home/sbr/ros2_ws/install/local_setup.zsh'
[3.294s] INFO:colcon.colcon_core.shell:Creating prefix chain script '/home/sbr/ros2_ws/install/setup.zsh'
