[2.190s] Invoking command in '/home/sbr/ros2_ws/src/my_first_pkg': DEBUGINFOD_URLS=https://debuginfod.ubuntu.com PYTHONPATH=/home/sbr/ros2_ws/build/my_first_pkg/prefix_override:/usr/lib/python3/dist-packages/colcon_core/task/python/colcon_distutils_commands:/home/sbr/ros2_ws/install/lib/python3.12/site-packages:${PYTHONPATH} /usr/bin/python3 -W ignore:setup.py install is deprecated -W ignore:easy_install command is deprecated setup.py egg_info --egg-base ../../build/my_first_pkg build --build-base /home/sbr/ros2_ws/build/my_first_pkg/build install --record /home/sbr/ros2_ws/build/my_first_pkg/install.log --single-version-externally-managed
[2.700s] running egg_info
[2.729s] writing ../../build/my_first_pkg/my_first_pkg.egg-info/PKG-INFO
[2.730s] writing dependency_links to ../../build/my_first_pkg/my_first_pkg.egg-info/dependency_links.txt
[2.736s] writing entry points to ../../build/my_first_pkg/my_first_pkg.egg-info/entry_points.txt
[2.737s] writing requirements to ../../build/my_first_pkg/my_first_pkg.egg-info/requires.txt
[2.738s] writing top-level names to ../../build/my_first_pkg/my_first_pkg.egg-info/top_level.txt
[2.808s] reading manifest file '../../build/my_first_pkg/my_first_pkg.egg-info/SOURCES.txt'
[2.811s] writing manifest file '../../build/my_first_pkg/my_first_pkg.egg-info/SOURCES.txt'
[2.811s] running build
[2.811s] running build_py
[2.811s] running install
[2.822s] running install_lib
[2.854s] running install_egg_info
[2.897s] removing '/home/sbr/ros2_ws/install/lib/python3.12/site-packages/my_first_pkg-0.0.0-py3.12.egg-info' (and everything under it)
[2.898s] Copying ../../build/my_first_pkg/my_first_pkg.egg-info to /home/sbr/ros2_ws/install/lib/python3.12/site-packages/my_first_pkg-0.0.0-py3.12.egg-info
[2.899s] running install_scripts
[3.115s] Installing follow script to /home/sbr/ros2_ws/install/bin
[3.116s] writing list of installed files to '/home/sbr/ros2_ws/build/my_first_pkg/install.log'
[3.247s] Invoked command in '/home/sbr/ros2_ws/src/my_first_pkg' returned '0': DEBUGINFOD_URLS=https://debuginfod.ubuntu.com PYTHONPATH=/home/sbr/ros2_ws/build/my_first_pkg/prefix_override:/usr/lib/python3/dist-packages/colcon_core/task/python/colcon_distutils_commands:/home/sbr/ros2_ws/install/lib/python3.12/site-packages:${PYTHONPATH} /usr/bin/python3 -W ignore:setup.py install is deprecated -W ignore:easy_install command is deprecated setup.py egg_info --egg-base ../../build/my_first_pkg build --build-base /home/sbr/ros2_ws/build/my_first_pkg/build install --record /home/sbr/ros2_ws/build/my_first_pkg/install.log --single-version-externally-managed
