[0.223s] DEBUG:colcon:Command line arguments: ['/usr/bin/colcon', 'build', '--packages-select', 'my_first_pkg', 'my_robot_description', '--merge-install']
[0.224s] DEBUG:colcon:Parsed command line arguments: Namespace(log_base=None, log_level=None, verb_name='build', build_base='build', install_base='install', merge_install=True, symlink_install=False, test_result_base=None, continue_on_error=False, executor='parallel', parallel_workers=4, event_handlers=None, ignore_user_meta=False, metas=['./colcon.meta'], base_paths=['.'], packages_ignore=None, packages_ignore_regex=None, paths=None, packages_up_to=None, packages_up_to_regex=None, packages_above=None, packages_above_and_dependencies=None, packages_above_depth=None, packages_select_by_dep=None, packages_skip_by_dep=None, packages_skip_up_to=None, packages_select_build_failed=False, packages_skip_build_finished=False, packages_select_test_failures=False, packages_skip_test_passed=False, packages_select=['my_first_pkg', 'my_robot_description'], packages_skip=None, packages_select_regex=None, packages_skip_regex=None, packages_start=None, packages_end=None, allow_overriding=[], cmake_args=None, cmake_target=None, cmake_target_skip_unavailable=False, cmake_clean_cache=False, cmake_clean_first=False, cmake_force_configure=False, ament_cmake_args=None, catkin_cmake_args=None, catkin_skip_building_tests=False, verb_parser=<colcon_defaults.argument_parser.defaults.DefaultArgumentsDecorator object at 0xffffa1f191c0>, verb_extension=<colcon_core.verb.build.BuildVerb object at 0xffffa20c5cd0>, main=<bound method BuildVerb.main of <colcon_core.verb.build.BuildVerb object at 0xffffa20c5cd0>>)
[0.330s] Level 1:colcon.colcon_core.package_discovery:discover_packages(colcon_meta) check parameters
[0.330s] Level 1:colcon.colcon_core.package_discovery:discover_packages(recursive) check parameters
[0.330s] Level 1:colcon.colcon_core.package_discovery:discover_packages(ignore) check parameters
[0.330s] Level 1:colcon.colcon_core.package_discovery:discover_packages(path) check parameters
[0.330s] Level 1:colcon.colcon_core.package_discovery:discover_packages(colcon_meta) discover
[0.330s] Level 1:colcon.colcon_core.package_discovery:discover_packages(recursive) discover
[0.330s] INFO:colcon.colcon_core.package_discovery:Crawling recursively for packages in '/home/sbr/ros2_ws'
[0.330s] Level 1:colcon.colcon_core.package_identification:_identify(.) by extensions ['ignore', 'ignore_ament_install']
[0.331s] Level 1:colcon.colcon_core.package_identification:_identify(.) by extension 'ignore'
[0.331s] Level 1:colcon.colcon_core.package_identification:_identify(.) by extension 'ignore_ament_install'
[0.331s] Level 1:colcon.colcon_core.package_identification:_identify(.) by extensions ['colcon_pkg']
[0.331s] Level 1:colcon.colcon_core.package_identification:_identify(.) by extension 'colcon_pkg'
[0.331s] Level 1:colcon.colcon_core.package_identification:_identify(.) by extensions ['colcon_meta']
[0.331s] Level 1:colcon.colcon_core.package_identification:_identify(.) by extension 'colcon_meta'
[0.331s] Level 1:colcon.colcon_core.package_identification:_identify(.) by extensions ['ros']
[0.331s] Level 1:colcon.colcon_core.package_identification:_identify(.) by extension 'ros'
[0.384s] Level 1:colcon.colcon_core.package_identification:_identify(.) by extensions ['cmake', 'python']
[0.384s] Level 1:colcon.colcon_core.package_identification:_identify(.) by extension 'cmake'
[0.384s] Level 1:colcon.colcon_core.package_identification:_identify(.) by extension 'python'
[0.384s] Level 1:colcon.colcon_core.package_identification:_identify(.) by extensions ['python_setup_py']
[0.384s] Level 1:colcon.colcon_core.package_identification:_identify(.) by extension 'python_setup_py'
[0.385s] Level 1:colcon.colcon_core.package_identification:_identify(build) by extensions ['ignore', 'ignore_ament_install']
[0.385s] Level 1:colcon.colcon_core.package_identification:_identify(build) by extension 'ignore'
[0.386s] Level 1:colcon.colcon_core.package_identification:_identify(build) ignored
[0.386s] Level 1:colcon.colcon_core.package_identification:_identify(install) by extensions ['ignore', 'ignore_ament_install']
[0.387s] Level 1:colcon.colcon_core.package_identification:_identify(install) by extension 'ignore'
[0.387s] Level 1:colcon.colcon_core.package_identification:_identify(install) ignored
[0.387s] Level 1:colcon.colcon_core.package_identification:_identify(log) by extensions ['ignore', 'ignore_ament_install']
[0.387s] Level 1:colcon.colcon_core.package_identification:_identify(log) by extension 'ignore'
[0.387s] Level 1:colcon.colcon_core.package_identification:_identify(log) ignored
[0.387s] Level 1:colcon.colcon_core.package_identification:_identify(src) by extensions ['ignore', 'ignore_ament_install']
[0.388s] Level 1:colcon.colcon_core.package_identification:_identify(src) by extension 'ignore'
[0.388s] Level 1:colcon.colcon_core.package_identification:_identify(src) by extension 'ignore_ament_install'
[0.388s] Level 1:colcon.colcon_core.package_identification:_identify(src) by extensions ['colcon_pkg']
[0.388s] Level 1:colcon.colcon_core.package_identification:_identify(src) by extension 'colcon_pkg'
[0.388s] Level 1:colcon.colcon_core.package_identification:_identify(src) by extensions ['colcon_meta']
[0.388s] Level 1:colcon.colcon_core.package_identification:_identify(src) by extension 'colcon_meta'
[0.388s] Level 1:colcon.colcon_core.package_identification:_identify(src) by extensions ['ros']
[0.388s] Level 1:colcon.colcon_core.package_identification:_identify(src) by extension 'ros'
[0.388s] Level 1:colcon.colcon_core.package_identification:_identify(src) by extensions ['cmake', 'python']
[0.388s] Level 1:colcon.colcon_core.package_identification:_identify(src) by extension 'cmake'
[0.388s] Level 1:colcon.colcon_core.package_identification:_identify(src) by extension 'python'
[0.388s] Level 1:colcon.colcon_core.package_identification:_identify(src) by extensions ['python_setup_py']
[0.388s] Level 1:colcon.colcon_core.package_identification:_identify(src) by extension 'python_setup_py'
[0.388s] Level 1:colcon.colcon_core.package_identification:_identify(src/my_first_pkg) by extensions ['ignore', 'ignore_ament_install']
[0.389s] Level 1:colcon.colcon_core.package_identification:_identify(src/my_first_pkg) by extension 'ignore'
[0.389s] Level 1:colcon.colcon_core.package_identification:_identify(src/my_first_pkg) by extension 'ignore_ament_install'
[0.389s] Level 1:colcon.colcon_core.package_identification:_identify(src/my_first_pkg) by extensions ['colcon_pkg']
[0.389s] Level 1:colcon.colcon_core.package_identification:_identify(src/my_first_pkg) by extension 'colcon_pkg'
[0.389s] Level 1:colcon.colcon_core.package_identification:_identify(src/my_first_pkg) by extensions ['colcon_meta']
[0.389s] Level 1:colcon.colcon_core.package_identification:_identify(src/my_first_pkg) by extension 'colcon_meta'
[0.389s] Level 1:colcon.colcon_core.package_identification:_identify(src/my_first_pkg) by extensions ['ros']
[0.389s] Level 1:colcon.colcon_core.package_identification:_identify(src/my_first_pkg) by extension 'ros'
[0.398s] DEBUG:colcon.colcon_core.package_identification:Package 'src/my_first_pkg' with type 'ros.ament_python' and name 'my_first_pkg'
[0.399s] Level 1:colcon.colcon_core.package_identification:_identify(src/my_robot_description) by extensions ['ignore', 'ignore_ament_install']
[0.399s] Level 1:colcon.colcon_core.package_identification:_identify(src/my_robot_description) by extension 'ignore'
[0.399s] Level 1:colcon.colcon_core.package_identification:_identify(src/my_robot_description) by extension 'ignore_ament_install'
[0.400s] Level 1:colcon.colcon_core.package_identification:_identify(src/my_robot_description) by extensions ['colcon_pkg']
[0.400s] Level 1:colcon.colcon_core.package_identification:_identify(src/my_robot_description) by extension 'colcon_pkg'
[0.400s] Level 1:colcon.colcon_core.package_identification:_identify(src/my_robot_description) by extensions ['colcon_meta']
[0.400s] Level 1:colcon.colcon_core.package_identification:_identify(src/my_robot_description) by extension 'colcon_meta'
[0.400s] Level 1:colcon.colcon_core.package_identification:_identify(src/my_robot_description) by extensions ['ros']
[0.400s] Level 1:colcon.colcon_core.package_identification:_identify(src/my_robot_description) by extension 'ros'
[0.401s] DEBUG:colcon.colcon_core.package_identification:Package 'src/my_robot_description' with type 'ros.ament_cmake' and name 'my_robot_description'
[0.401s] Level 1:colcon.colcon_core.package_discovery:discover_packages(recursive) using defaults
[0.401s] Level 1:colcon.colcon_core.package_discovery:discover_packages(ignore) discover
[0.402s] Level 1:colcon.colcon_core.package_discovery:discover_packages(ignore) using defaults
[0.402s] Level 1:colcon.colcon_core.package_discovery:discover_packages(path) discover
[0.402s] Level 1:colcon.colcon_core.package_discovery:discover_packages(path) using defaults
[0.437s] Level 1:colcon.colcon_core.package_discovery:discover_packages(prefix_path) check parameters
[0.438s] Level 1:colcon.colcon_core.package_discovery:discover_packages(prefix_path) discover
[0.445s] DEBUG:colcon.colcon_installed_package_information.package_discovery:Found 288 installed packages in /opt/ros/jazzy
[0.447s] Level 1:colcon.colcon_core.package_discovery:discover_packages(prefix_path) using defaults
[0.550s] Level 5:colcon.colcon_core.verb:set package 'my_first_pkg' build argument 'cmake_args' from command line to 'None'
[0.550s] Level 5:colcon.colcon_core.verb:set package 'my_first_pkg' build argument 'cmake_target' from command line to 'None'
[0.550s] Level 5:colcon.colcon_core.verb:set package 'my_first_pkg' build argument 'cmake_target_skip_unavailable' from command line to 'False'
[0.550s] Level 5:colcon.colcon_core.verb:set package 'my_first_pkg' build argument 'cmake_clean_cache' from command line to 'False'
[0.550s] Level 5:colcon.colcon_core.verb:set package 'my_first_pkg' build argument 'cmake_clean_first' from command line to 'False'
[0.550s] Level 5:colcon.colcon_core.verb:set package 'my_first_pkg' build argument 'cmake_force_configure' from command line to 'False'
[0.550s] Level 5:colcon.colcon_core.verb:set package 'my_first_pkg' build argument 'ament_cmake_args' from command line to 'None'
[0.550s] Level 5:colcon.colcon_core.verb:set package 'my_first_pkg' build argument 'catkin_cmake_args' from command line to 'None'
[0.550s] Level 5:colcon.colcon_core.verb:set package 'my_first_pkg' build argument 'catkin_skip_building_tests' from command line to 'False'
[0.550s] DEBUG:colcon.colcon_core.verb:Building package 'my_first_pkg' with the following arguments: {'ament_cmake_args': None, 'build_base': '/home/sbr/ros2_ws/build/my_first_pkg', 'catkin_cmake_args': None, 'catkin_skip_building_tests': False, 'cmake_args': None, 'cmake_clean_cache': False, 'cmake_clean_first': False, 'cmake_force_configure': False, 'cmake_target': None, 'cmake_target_skip_unavailable': False, 'install_base': '/home/sbr/ros2_ws/install', 'merge_install': True, 'path': '/home/sbr/ros2_ws/src/my_first_pkg', 'symlink_install': False, 'test_result_base': None}
[0.551s] Level 5:colcon.colcon_core.verb:set package 'my_robot_description' build argument 'cmake_args' from command line to 'None'
[0.552s] Level 5:colcon.colcon_core.verb:set package 'my_robot_description' build argument 'cmake_target' from command line to 'None'
[0.552s] Level 5:colcon.colcon_core.verb:set package 'my_robot_description' build argument 'cmake_target_skip_unavailable' from command line to 'False'
[0.552s] Level 5:colcon.colcon_core.verb:set package 'my_robot_description' build argument 'cmake_clean_cache' from command line to 'False'
[0.552s] Level 5:colcon.colcon_core.verb:set package 'my_robot_description' build argument 'cmake_clean_first' from command line to 'False'
[0.552s] Level 5:colcon.colcon_core.verb:set package 'my_robot_description' build argument 'cmake_force_configure' from command line to 'False'
[0.552s] Level 5:colcon.colcon_core.verb:set package 'my_robot_description' build argument 'ament_cmake_args' from command line to 'None'
[0.552s] Level 5:colcon.colcon_core.verb:set package 'my_robot_description' build argument 'catkin_cmake_args' from command line to 'None'
[0.553s] Level 5:colcon.colcon_core.verb:set package 'my_robot_description' build argument 'catkin_skip_building_tests' from command line to 'False'
[0.553s] DEBUG:colcon.colcon_core.verb:Building package 'my_robot_description' with the following arguments: {'ament_cmake_args': None, 'build_base': '/home/sbr/ros2_ws/build/my_robot_description', 'catkin_cmake_args': None, 'catkin_skip_building_tests': False, 'cmake_args': None, 'cmake_clean_cache': False, 'cmake_clean_first': False, 'cmake_force_configure': False, 'cmake_target': None, 'cmake_target_skip_unavailable': False, 'install_base': '/home/sbr/ros2_ws/install', 'merge_install': True, 'path': '/home/sbr/ros2_ws/src/my_robot_description', 'symlink_install': False, 'test_result_base': None}
[0.554s] INFO:colcon.colcon_core.executor:Executing jobs using 'parallel' executor
[0.558s] DEBUG:colcon.colcon_parallel_executor.executor.parallel:run_until_complete
[0.559s] INFO:colcon.colcon_ros.task.ament_python.build:Building ROS package in '/home/sbr/ros2_ws/src/my_first_pkg' with build type 'ament_python'
[0.560s] Level 1:colcon.colcon_core.shell:create_environment_hook('my_first_pkg', 'ament_prefix_path')
[0.575s] INFO:colcon.colcon_core.plugin_system:Skipping extension 'colcon_core.shell.bat': Not used on non-Windows systems
[0.576s] INFO:colcon.colcon_core.shell:Creating environment hook '/home/sbr/ros2_ws/install/share/my_first_pkg/hook/ament_prefix_path.ps1'
[0.580s] INFO:colcon.colcon_core.shell:Creating environment descriptor '/home/sbr/ros2_ws/install/share/my_first_pkg/hook/ament_prefix_path.dsv'
[0.586s] INFO:colcon.colcon_core.shell:Creating environment hook '/home/sbr/ros2_ws/install/share/my_first_pkg/hook/ament_prefix_path.sh'
[0.588s] INFO:colcon.colcon_core.shell:Skip shell extension 'powershell' for command environment: Not usable outside of PowerShell
[0.589s] DEBUG:colcon.colcon_core.shell:Skip shell extension 'dsv' for command environment
[0.597s] INFO:colcon.colcon_ros.task.ament_cmake.build:Building ROS package in '/home/sbr/ros2_ws/src/my_robot_description' with build type 'ament_cmake'
[0.598s] INFO:colcon.colcon_cmake.task.cmake.build:Building CMake package in '/home/sbr/ros2_ws/src/my_robot_description'
[0.599s] INFO:colcon.colcon_core.shell:Skip shell extension 'powershell' for command environment: Not usable outside of PowerShell
[0.600s] DEBUG:colcon.colcon_core.shell:Skip shell extension 'dsv' for command environment
[1.140s] WARNING:colcon.colcon_ros.task.ament_python.build:Package 'my_first_pkg' doesn't explicitly install a marker in the package index (colcon-ros currently does it implicitly but that fallback will be removed in the future)
[1.141s] WARNING:colcon.colcon_ros.task.ament_python.build:Package 'my_first_pkg' doesn't explicitly install the 'package.xml' file (colcon-ros currently does it implicitly but that fallback will be removed in the future)
[1.142s] INFO:colcon.colcon_core.task.python.build:Building Python package in '/home/sbr/ros2_ws/src/my_first_pkg'
[1.143s] INFO:colcon.colcon_core.shell:Skip shell extension 'powershell' for command environment: Not usable outside of PowerShell
[1.143s] DEBUG:colcon.colcon_core.shell:Skip shell extension 'dsv' for command environment
[1.159s] DEBUG:colcon.colcon_core.event_handler.log_command:Invoking command in '/home/sbr/ros2_ws/build/my_robot_description': CMAKE_PREFIX_PATH=${CMAKE_PREFIX_PATH}:/opt/ros/jazzy DEBUGINFOD_URLS=https://debuginfod.ubuntu.com /usr/bin/cmake /home/sbr/ros2_ws/src/my_robot_description -DCMAKE_INSTALL_PREFIX=/home/sbr/ros2_ws/install
[2.683s] DEBUG:colcon.colcon_core.event_handler.log_command:Invoking command in '/home/sbr/ros2_ws/src/my_first_pkg': DEBUGINFOD_URLS=https://debuginfod.ubuntu.com PYTHONPATH=/home/sbr/ros2_ws/build/my_first_pkg/prefix_override:/usr/lib/python3/dist-packages/colcon_core/task/python/colcon_distutils_commands:/home/sbr/ros2_ws/install/lib/python3.12/site-packages:${PYTHONPATH} /usr/bin/python3 -W ignore:setup.py install is deprecated -W ignore:easy_install command is deprecated setup.py egg_info --egg-base ../../build/my_first_pkg build --build-base /home/sbr/ros2_ws/build/my_first_pkg/build install --record /home/sbr/ros2_ws/build/my_first_pkg/install.log --single-version-externally-managed
[4.004s] DEBUG:colcon.colcon_core.event_handler.log_command:Invoked command in '/home/sbr/ros2_ws/build/my_robot_description' returned '0': CMAKE_PREFIX_PATH=${CMAKE_PREFIX_PATH}:/opt/ros/jazzy DEBUGINFOD_URLS=https://debuginfod.ubuntu.com /usr/bin/cmake /home/sbr/ros2_ws/src/my_robot_description -DCMAKE_INSTALL_PREFIX=/home/sbr/ros2_ws/install
[4.008s] DEBUG:colcon.colcon_core.event_handler.log_command:Invoking command in '/home/sbr/ros2_ws/build/my_robot_description': CMAKE_PREFIX_PATH=${CMAKE_PREFIX_PATH}:/opt/ros/jazzy DEBUGINFOD_URLS=https://debuginfod.ubuntu.com /usr/bin/cmake --build /home/sbr/ros2_ws/build/my_robot_description -- -j4 -l4
[4.169s] DEBUG:colcon.colcon_core.event_handler.log_command:Invoked command in '/home/sbr/ros2_ws/src/my_first_pkg' returned '0': DEBUGINFOD_URLS=https://debuginfod.ubuntu.com PYTHONPATH=/home/sbr/ros2_ws/build/my_first_pkg/prefix_override:/usr/lib/python3/dist-packages/colcon_core/task/python/colcon_distutils_commands:/home/sbr/ros2_ws/install/lib/python3.12/site-packages:${PYTHONPATH} /usr/bin/python3 -W ignore:setup.py install is deprecated -W ignore:easy_install command is deprecated setup.py egg_info --egg-base ../../build/my_first_pkg build --build-base /home/sbr/ros2_ws/build/my_first_pkg/build install --record /home/sbr/ros2_ws/build/my_first_pkg/install.log --single-version-externally-managed
[4.199s] Level 1:colcon.colcon_core.environment:checking '/home/sbr/ros2_ws/install' for CMake module files
[4.202s] Level 1:colcon.colcon_core.environment:checking '/home/sbr/ros2_ws/install' for CMake config files
[4.208s] Level 1:colcon.colcon_core.environment:checking '/home/sbr/ros2_ws/install/lib'
[4.212s] Level 1:colcon.colcon_core.environment:checking '/home/sbr/ros2_ws/install/bin'
[4.216s] Level 1:colcon.colcon_core.shell:create_environment_hook('my_first_pkg', 'path')
[4.218s] INFO:colcon.colcon_core.shell:Creating environment hook '/home/sbr/ros2_ws/install/share/my_first_pkg/hook/path.ps1'
[4.226s] INFO:colcon.colcon_core.shell:Creating environment descriptor '/home/sbr/ros2_ws/install/share/my_first_pkg/hook/path.dsv'
[4.234s] INFO:colcon.colcon_core.shell:Creating environment hook '/home/sbr/ros2_ws/install/share/my_first_pkg/hook/path.sh'
[4.265s] Level 1:colcon.colcon_core.environment:checking '/home/sbr/ros2_ws/install/lib/pkgconfig/my_first_pkg.pc'
[4.266s] Level 1:colcon.colcon_core.environment:checking '/home/sbr/ros2_ws/install/lib/python3.12/site-packages'
[4.267s] Level 1:colcon.colcon_core.shell:create_environment_hook('my_first_pkg', 'pythonpath')
[4.267s] INFO:colcon.colcon_core.shell:Creating environment hook '/home/sbr/ros2_ws/install/share/my_first_pkg/hook/pythonpath.ps1'
[4.272s] INFO:colcon.colcon_core.shell:Creating environment descriptor '/home/sbr/ros2_ws/install/share/my_first_pkg/hook/pythonpath.dsv'
[4.276s] INFO:colcon.colcon_core.shell:Creating environment hook '/home/sbr/ros2_ws/install/share/my_first_pkg/hook/pythonpath.sh'
[4.283s] Level 1:colcon.colcon_core.environment:checking '/home/sbr/ros2_ws/install/bin'
[4.284s] Level 1:colcon.colcon_core.shell:create_environment_hook('my_first_pkg', 'pythonscriptspath')
[4.287s] INFO:colcon.colcon_core.shell:Creating environment hook '/home/sbr/ros2_ws/install/share/my_first_pkg/hook/pythonscriptspath.ps1'
[4.289s] INFO:colcon.colcon_core.shell:Creating environment descriptor '/home/sbr/ros2_ws/install/share/my_first_pkg/hook/pythonscriptspath.dsv'
[4.294s] INFO:colcon.colcon_core.shell:Creating environment hook '/home/sbr/ros2_ws/install/share/my_first_pkg/hook/pythonscriptspath.sh'
[4.300s] Level 1:colcon.colcon_core.environment:create_environment_scripts_only(my_first_pkg)
[4.300s] INFO:colcon.colcon_core.shell:Creating package script '/home/sbr/ros2_ws/install/share/my_first_pkg/package.ps1'
[4.306s] INFO:colcon.colcon_core.shell:Creating package descriptor '/home/sbr/ros2_ws/install/share/my_first_pkg/package.dsv'
[4.311s] INFO:colcon.colcon_core.shell:Creating package script '/home/sbr/ros2_ws/install/share/my_first_pkg/package.sh'
[4.317s] INFO:colcon.colcon_core.shell:Creating package script '/home/sbr/ros2_ws/install/share/my_first_pkg/package.bash'
[4.323s] INFO:colcon.colcon_core.shell:Creating package script '/home/sbr/ros2_ws/install/share/my_first_pkg/package.zsh'
[4.325s] Level 1:colcon.colcon_core.environment:create_file_with_runtime_dependencies(/home/sbr/ros2_ws/install/share/colcon-core/packages/my_first_pkg)
[4.333s] DEBUG:colcon.colcon_core.event_handler.log_command:Invoked command in '/home/sbr/ros2_ws/build/my_robot_description' returned '0': CMAKE_PREFIX_PATH=${CMAKE_PREFIX_PATH}:/opt/ros/jazzy DEBUGINFOD_URLS=https://debuginfod.ubuntu.com /usr/bin/cmake --build /home/sbr/ros2_ws/build/my_robot_description -- -j4 -l4
[4.369s] DEBUG:colcon.colcon_core.event_handler.log_command:Invoking command in '/home/sbr/ros2_ws/build/my_robot_description': CMAKE_PREFIX_PATH=${CMAKE_PREFIX_PATH}:/opt/ros/jazzy DEBUGINFOD_URLS=https://debuginfod.ubuntu.com /usr/bin/cmake --install /home/sbr/ros2_ws/build/my_robot_description
[4.431s] Level 1:colcon.colcon_core.environment:create_environment_scripts_only(my_robot_description)
[4.432s] Level 1:colcon.colcon_core.environment:checking '/home/sbr/ros2_ws/install' for CMake module files
[4.433s] Level 1:colcon.colcon_core.environment:checking '/home/sbr/ros2_ws/install' for CMake config files
[4.434s] Level 1:colcon.colcon_core.shell:create_environment_hook('my_robot_description', 'cmake_prefix_path')
[4.437s] INFO:colcon.colcon_core.shell:Creating environment hook '/home/sbr/ros2_ws/install/share/my_robot_description/hook/cmake_prefix_path.ps1'
[4.438s] DEBUG:colcon.colcon_core.event_handler.log_command:Invoked command in '/home/sbr/ros2_ws/build/my_robot_description' returned '0': CMAKE_PREFIX_PATH=${CMAKE_PREFIX_PATH}:/opt/ros/jazzy DEBUGINFOD_URLS=https://debuginfod.ubuntu.com /usr/bin/cmake --install /home/sbr/ros2_ws/build/my_robot_description
[4.441s] INFO:colcon.colcon_core.shell:Creating environment descriptor '/home/sbr/ros2_ws/install/share/my_robot_description/hook/cmake_prefix_path.dsv'
[4.443s] INFO:colcon.colcon_core.shell:Creating environment hook '/home/sbr/ros2_ws/install/share/my_robot_description/hook/cmake_prefix_path.sh'
[4.445s] Level 1:colcon.colcon_core.environment:checking '/home/sbr/ros2_ws/install/lib'
[4.446s] Level 1:colcon.colcon_core.environment:checking '/home/sbr/ros2_ws/install/bin'
[4.447s] Level 1:colcon.colcon_core.shell:create_environment_hook('my_robot_description', 'path')
[4.448s] INFO:colcon.colcon_core.shell:Creating environment hook '/home/sbr/ros2_ws/install/share/my_robot_description/hook/path.ps1'
[4.450s] INFO:colcon.colcon_core.shell:Creating environment descriptor '/home/sbr/ros2_ws/install/share/my_robot_description/hook/path.dsv'
[4.452s] INFO:colcon.colcon_core.shell:Creating environment hook '/home/sbr/ros2_ws/install/share/my_robot_description/hook/path.sh'
[4.454s] Level 1:colcon.colcon_core.environment:checking '/home/sbr/ros2_ws/install/lib/pkgconfig/my_robot_description.pc'
[4.456s] Level 1:colcon.colcon_core.environment:checking '/home/sbr/ros2_ws/install/lib/python3.12/site-packages'
[4.456s] Level 1:colcon.colcon_core.shell:create_environment_hook('my_robot_description', 'pythonpath')
[4.457s] INFO:colcon.colcon_core.shell:Creating environment hook '/home/sbr/ros2_ws/install/share/my_robot_description/hook/pythonpath.ps1'
[4.458s] INFO:colcon.colcon_core.shell:Creating environment descriptor '/home/sbr/ros2_ws/install/share/my_robot_description/hook/pythonpath.dsv'
[4.461s] INFO:colcon.colcon_core.shell:Creating environment hook '/home/sbr/ros2_ws/install/share/my_robot_description/hook/pythonpath.sh'
[4.464s] Level 1:colcon.colcon_core.environment:checking '/home/sbr/ros2_ws/install/bin'
[4.467s] Level 1:colcon.colcon_core.shell:create_environment_hook('my_robot_description', 'pythonscriptspath')
[4.469s] INFO:colcon.colcon_core.shell:Creating environment hook '/home/sbr/ros2_ws/install/share/my_robot_description/hook/pythonscriptspath.ps1'
[4.472s] INFO:colcon.colcon_core.shell:Creating environment descriptor '/home/sbr/ros2_ws/install/share/my_robot_description/hook/pythonscriptspath.dsv'
[4.474s] INFO:colcon.colcon_core.shell:Creating environment hook '/home/sbr/ros2_ws/install/share/my_robot_description/hook/pythonscriptspath.sh'
[4.477s] INFO:colcon.colcon_core.shell:Creating package script '/home/sbr/ros2_ws/install/share/my_robot_description/package.ps1'
[4.478s] INFO:colcon.colcon_core.shell:Creating package descriptor '/home/sbr/ros2_ws/install/share/my_robot_description/package.dsv'
[4.480s] INFO:colcon.colcon_core.shell:Creating package script '/home/sbr/ros2_ws/install/share/my_robot_description/package.sh'
[4.481s] INFO:colcon.colcon_core.shell:Creating package script '/home/sbr/ros2_ws/install/share/my_robot_description/package.bash'
[4.483s] INFO:colcon.colcon_core.shell:Creating package script '/home/sbr/ros2_ws/install/share/my_robot_description/package.zsh'
[4.485s] Level 1:colcon.colcon_core.environment:create_file_with_runtime_dependencies(/home/sbr/ros2_ws/install/share/colcon-core/packages/my_robot_description)
[4.488s] Level 1:colcon.colcon_core.environment:create_environment_scripts_only(my_robot_description)
[4.489s] Level 1:colcon.colcon_core.environment:checking '/home/sbr/ros2_ws/install' for CMake module files
[4.491s] Level 1:colcon.colcon_core.environment:checking '/home/sbr/ros2_ws/install' for CMake config files
[4.492s] Level 1:colcon.colcon_core.shell:create_environment_hook('my_robot_description', 'cmake_prefix_path')
[4.493s] INFO:colcon.colcon_core.shell:Creating environment hook '/home/sbr/ros2_ws/install/share/my_robot_description/hook/cmake_prefix_path.ps1'
[4.495s] INFO:colcon.colcon_core.shell:Creating environment descriptor '/home/sbr/ros2_ws/install/share/my_robot_description/hook/cmake_prefix_path.dsv'
[4.496s] INFO:colcon.colcon_core.shell:Creating environment hook '/home/sbr/ros2_ws/install/share/my_robot_description/hook/cmake_prefix_path.sh'
[4.506s] Level 1:colcon.colcon_core.environment:checking '/home/sbr/ros2_ws/install/lib'
[4.507s] Level 1:colcon.colcon_core.environment:checking '/home/sbr/ros2_ws/install/bin'
[4.507s] Level 1:colcon.colcon_core.shell:create_environment_hook('my_robot_description', 'path')
[4.508s] INFO:colcon.colcon_core.shell:Creating environment hook '/home/sbr/ros2_ws/install/share/my_robot_description/hook/path.ps1'
[4.511s] INFO:colcon.colcon_core.shell:Creating environment descriptor '/home/sbr/ros2_ws/install/share/my_robot_description/hook/path.dsv'
[4.518s] INFO:colcon.colcon_core.shell:Creating environment hook '/home/sbr/ros2_ws/install/share/my_robot_description/hook/path.sh'
[4.521s] Level 1:colcon.colcon_core.environment:checking '/home/sbr/ros2_ws/install/lib/pkgconfig/my_robot_description.pc'
[4.527s] Level 1:colcon.colcon_core.environment:checking '/home/sbr/ros2_ws/install/lib/python3.12/site-packages'
[4.528s] Level 1:colcon.colcon_core.shell:create_environment_hook('my_robot_description', 'pythonpath')
[4.529s] INFO:colcon.colcon_core.shell:Creating environment hook '/home/sbr/ros2_ws/install/share/my_robot_description/hook/pythonpath.ps1'
[4.532s] INFO:colcon.colcon_core.shell:Creating environment descriptor '/home/sbr/ros2_ws/install/share/my_robot_description/hook/pythonpath.dsv'
[4.539s] INFO:colcon.colcon_core.shell:Creating environment hook '/home/sbr/ros2_ws/install/share/my_robot_description/hook/pythonpath.sh'
[4.550s] Level 1:colcon.colcon_core.environment:checking '/home/sbr/ros2_ws/install/bin'
[4.551s] Level 1:colcon.colcon_core.shell:create_environment_hook('my_robot_description', 'pythonscriptspath')
[4.551s] INFO:colcon.colcon_core.shell:Creating environment hook '/home/sbr/ros2_ws/install/share/my_robot_description/hook/pythonscriptspath.ps1'
[4.554s] INFO:colcon.colcon_core.shell:Creating environment descriptor '/home/sbr/ros2_ws/install/share/my_robot_description/hook/pythonscriptspath.dsv'
[4.557s] INFO:colcon.colcon_core.shell:Creating environment hook '/home/sbr/ros2_ws/install/share/my_robot_description/hook/pythonscriptspath.sh'
[4.564s] INFO:colcon.colcon_core.shell:Creating package script '/home/sbr/ros2_ws/install/share/my_robot_description/package.ps1'
[4.567s] INFO:colcon.colcon_core.shell:Creating package descriptor '/home/sbr/ros2_ws/install/share/my_robot_description/package.dsv'
[4.569s] INFO:colcon.colcon_core.shell:Creating package script '/home/sbr/ros2_ws/install/share/my_robot_description/package.sh'
[4.571s] INFO:colcon.colcon_core.shell:Creating package script '/home/sbr/ros2_ws/install/share/my_robot_description/package.bash'
[4.576s] INFO:colcon.colcon_core.shell:Creating package script '/home/sbr/ros2_ws/install/share/my_robot_description/package.zsh'
[4.579s] Level 1:colcon.colcon_core.environment:create_file_with_runtime_dependencies(/home/sbr/ros2_ws/install/share/colcon-core/packages/my_robot_description)
[4.581s] DEBUG:colcon.colcon_parallel_executor.executor.parallel:closing loop
[4.582s] DEBUG:colcon.colcon_parallel_executor.executor.parallel:loop closed
[4.582s] DEBUG:colcon.colcon_parallel_executor.executor.parallel:run_until_complete finished with '0'
[4.582s] DEBUG:colcon.colcon_core.event_reactor:joining thread
[4.601s] INFO:colcon.colcon_core.plugin_system:Skipping extension 'colcon_notification.desktop_notification.terminal_notifier': Not used on non-Darwin systems
[4.601s] INFO:colcon.colcon_core.plugin_system:Skipping extension 'colcon_notification.desktop_notification.win32': Not used on non-Windows systems
[4.602s] INFO:colcon.colcon_notification.desktop_notification:Sending desktop notification using 'notify2'
[4.602s] DEBUG:colcon.colcon_notification.desktop_notification.notify2:Failed to initialize notify2: org.freedesktop.DBus.Error.AccessDenied: Failed to connect to socket /run/user/1000/bus: Operation not permitted
[4.602s] DEBUG:colcon.colcon_core.event_reactor:joined thread
[4.604s] INFO:colcon.colcon_core.shell:Creating prefix script '/home/sbr/ros2_ws/install/local_setup.ps1'
[4.607s] INFO:colcon.colcon_core.shell:Creating prefix util module '/home/sbr/ros2_ws/install/_local_setup_util_ps1.py'
[4.613s] INFO:colcon.colcon_core.shell:Creating prefix chain script '/home/sbr/ros2_ws/install/setup.ps1'
[4.616s] INFO:colcon.colcon_core.shell:Creating prefix script '/home/sbr/ros2_ws/install/local_setup.sh'
[4.617s] INFO:colcon.colcon_core.shell:Creating prefix util module '/home/sbr/ros2_ws/install/_local_setup_util_sh.py'
[4.618s] INFO:colcon.colcon_core.shell:Creating prefix chain script '/home/sbr/ros2_ws/install/setup.sh'
[4.622s] INFO:colcon.colcon_core.shell:Creating prefix script '/home/sbr/ros2_ws/install/local_setup.bash'
[4.624s] INFO:colcon.colcon_core.shell:Creating prefix chain script '/home/sbr/ros2_ws/install/setup.bash'
[4.627s] INFO:colcon.colcon_core.shell:Creating prefix script '/home/sbr/ros2_ws/install/local_setup.zsh'
[4.628s] INFO:colcon.colcon_core.shell:Creating prefix chain script '/home/sbr/ros2_ws/install/setup.zsh'
