[0.232s] DEBUG:colcon:Command line arguments: ['/usr/bin/colcon', 'build', '--packages-select', 'my_first_pkg', '--merge-install']
[0.232s] DEBUG:colcon:Parsed command line arguments: Namespace(log_base=None, log_level=None, verb_name='build', build_base='build', install_base='install', merge_install=True, symlink_install=False, test_result_base=None, continue_on_error=False, executor='parallel', parallel_workers=4, event_handlers=None, ignore_user_meta=False, metas=['./colcon.meta'], base_paths=['.'], packages_ignore=None, packages_ignore_regex=None, paths=None, packages_up_to=None, packages_up_to_regex=None, packages_above=None, packages_above_and_dependencies=None, packages_above_depth=None, packages_select_by_dep=None, packages_skip_by_dep=None, packages_skip_up_to=None, packages_select_build_failed=False, packages_skip_build_finished=False, packages_select_test_failures=False, packages_skip_test_passed=False, packages_select=['my_first_pkg'], packages_skip=None, packages_select_regex=None, packages_skip_regex=None, packages_start=None, packages_end=None, allow_overriding=[], cmake_args=None, cmake_target=None, cmake_target_skip_unavailable=False, cmake_clean_cache=False, cmake_clean_first=False, cmake_force_configure=False, ament_cmake_args=None, catkin_cmake_args=None, catkin_skip_building_tests=False, verb_parser=<colcon_defaults.argument_parser.defaults.DefaultArgumentsDecorator object at 0xffff9ad45310>, verb_extension=<colcon_core.verb.build.BuildVerb object at 0xffff9bde6510>, main=<bound method BuildVerb.main of <colcon_core.verb.build.BuildVerb object at 0xffff9bde6510>>)
[0.325s] Level 1:colcon.colcon_core.package_discovery:discover_packages(colcon_meta) check parameters
[0.325s] Level 1:colcon.colcon_core.package_discovery:discover_packages(recursive) check parameters
[0.325s] Level 1:colcon.colcon_core.package_discovery:discover_packages(ignore) check parameters
[0.325s] Level 1:colcon.colcon_core.package_discovery:discover_packages(path) check parameters
[0.325s] Level 1:colcon.colcon_core.package_discovery:discover_packages(colcon_meta) discover
[0.326s] Level 1:colcon.colcon_core.package_discovery:discover_packages(recursive) discover
[0.326s] INFO:colcon.colcon_core.package_discovery:Crawling recursively for packages in '/home/sbr/ros2_ws'
[0.326s] Level 1:colcon.colcon_core.package_identification:_identify(.) by extensions ['ignore', 'ignore_ament_install']
[0.326s] Level 1:colcon.colcon_core.package_identification:_identify(.) by extension 'ignore'
[0.326s] Level 1:colcon.colcon_core.package_identification:_identify(.) by extension 'ignore_ament_install'
[0.327s] Level 1:colcon.colcon_core.package_identification:_identify(.) by extensions ['colcon_pkg']
[0.327s] Level 1:colcon.colcon_core.package_identification:_identify(.) by extension 'colcon_pkg'
[0.327s] Level 1:colcon.colcon_core.package_identification:_identify(.) by extensions ['colcon_meta']
[0.327s] Level 1:colcon.colcon_core.package_identification:_identify(.) by extension 'colcon_meta'
[0.327s] Level 1:colcon.colcon_core.package_identification:_identify(.) by extensions ['ros']
[0.327s] Level 1:colcon.colcon_core.package_identification:_identify(.) by extension 'ros'
[0.381s] Level 1:colcon.colcon_core.package_identification:_identify(.) by extensions ['cmake', 'python']
[0.382s] Level 1:colcon.colcon_core.package_identification:_identify(.) by extension 'cmake'
[0.382s] Level 1:colcon.colcon_core.package_identification:_identify(.) by extension 'python'
[0.382s] Level 1:colcon.colcon_core.package_identification:_identify(.) by extensions ['python_setup_py']
[0.382s] Level 1:colcon.colcon_core.package_identification:_identify(.) by extension 'python_setup_py'
[0.382s] Level 1:colcon.colcon_core.package_identification:_identify(build) by extensions ['ignore', 'ignore_ament_install']
[0.382s] Level 1:colcon.colcon_core.package_identification:_identify(build) by extension 'ignore'
[0.382s] Level 1:colcon.colcon_core.package_identification:_identify(build) ignored
[0.383s] Level 1:colcon.colcon_core.package_identification:_identify(install) by extensions ['ignore', 'ignore_ament_install']
[0.383s] Level 1:colcon.colcon_core.package_identification:_identify(install) by extension 'ignore'
[0.383s] Level 1:colcon.colcon_core.package_identification:_identify(install) ignored
[0.383s] Level 1:colcon.colcon_core.package_identification:_identify(log) by extensions ['ignore', 'ignore_ament_install']
[0.383s] Level 1:colcon.colcon_core.package_identification:_identify(log) by extension 'ignore'
[0.383s] Level 1:colcon.colcon_core.package_identification:_identify(log) ignored
[0.383s] Level 1:colcon.colcon_core.package_identification:_identify(src) by extensions ['ignore', 'ignore_ament_install']
[0.383s] Level 1:colcon.colcon_core.package_identification:_identify(src) by extension 'ignore'
[0.383s] Level 1:colcon.colcon_core.package_identification:_identify(src) by extension 'ignore_ament_install'
[0.383s] Level 1:colcon.colcon_core.package_identification:_identify(src) by extensions ['colcon_pkg']
[0.383s] Level 1:colcon.colcon_core.package_identification:_identify(src) by extension 'colcon_pkg'
[0.384s] Level 1:colcon.colcon_core.package_identification:_identify(src) by extensions ['colcon_meta']
[0.384s] Level 1:colcon.colcon_core.package_identification:_identify(src) by extension 'colcon_meta'
[0.384s] Level 1:colcon.colcon_core.package_identification:_identify(src) by extensions ['ros']
[0.384s] Level 1:colcon.colcon_core.package_identification:_identify(src) by extension 'ros'
[0.384s] Level 1:colcon.colcon_core.package_identification:_identify(src) by extensions ['cmake', 'python']
[0.384s] Level 1:colcon.colcon_core.package_identification:_identify(src) by extension 'cmake'
[0.384s] Level 1:colcon.colcon_core.package_identification:_identify(src) by extension 'python'
[0.384s] Level 1:colcon.colcon_core.package_identification:_identify(src) by extensions ['python_setup_py']
[0.384s] Level 1:colcon.colcon_core.package_identification:_identify(src) by extension 'python_setup_py'
[0.384s] Level 1:colcon.colcon_core.package_identification:_identify(src/my_first_pkg) by extensions ['ignore', 'ignore_ament_install']
[0.384s] Level 1:colcon.colcon_core.package_identification:_identify(src/my_first_pkg) by extension 'ignore'
[0.384s] Level 1:colcon.colcon_core.package_identification:_identify(src/my_first_pkg) by extension 'ignore_ament_install'
[0.385s] Level 1:colcon.colcon_core.package_identification:_identify(src/my_first_pkg) by extensions ['colcon_pkg']
[0.385s] Level 1:colcon.colcon_core.package_identification:_identify(src/my_first_pkg) by extension 'colcon_pkg'
[0.385s] Level 1:colcon.colcon_core.package_identification:_identify(src/my_first_pkg) by extensions ['colcon_meta']
[0.385s] Level 1:colcon.colcon_core.package_identification:_identify(src/my_first_pkg) by extension 'colcon_meta'
[0.385s] Level 1:colcon.colcon_core.package_identification:_identify(src/my_first_pkg) by extensions ['ros']
[0.385s] Level 1:colcon.colcon_core.package_identification:_identify(src/my_first_pkg) by extension 'ros'
[0.393s] DEBUG:colcon.colcon_core.package_identification:Package 'src/my_first_pkg' with type 'ros.ament_python' and name 'my_first_pkg'
[0.393s] Level 1:colcon.colcon_core.package_discovery:discover_packages(recursive) using defaults
[0.393s] Level 1:colcon.colcon_core.package_discovery:discover_packages(ignore) discover
[0.393s] Level 1:colcon.colcon_core.package_discovery:discover_packages(ignore) using defaults
[0.393s] Level 1:colcon.colcon_core.package_discovery:discover_packages(path) discover
[0.394s] Level 1:colcon.colcon_core.package_discovery:discover_packages(path) using defaults
[0.430s] Level 1:colcon.colcon_core.package_discovery:discover_packages(prefix_path) check parameters
[0.430s] Level 1:colcon.colcon_core.package_discovery:discover_packages(prefix_path) discover
[0.435s] DEBUG:colcon.colcon_installed_package_information.package_discovery:Found 288 installed packages in /opt/ros/jazzy
[0.437s] Level 1:colcon.colcon_core.package_discovery:discover_packages(prefix_path) using defaults
[0.518s] Level 5:colcon.colcon_core.verb:set package 'my_first_pkg' build argument 'cmake_args' from command line to 'None'
[0.518s] Level 5:colcon.colcon_core.verb:set package 'my_first_pkg' build argument 'cmake_target' from command line to 'None'
[0.518s] Level 5:colcon.colcon_core.verb:set package 'my_first_pkg' build argument 'cmake_target_skip_unavailable' from command line to 'False'
[0.518s] Level 5:colcon.colcon_core.verb:set package 'my_first_pkg' build argument 'cmake_clean_cache' from command line to 'False'
[0.518s] Level 5:colcon.colcon_core.verb:set package 'my_first_pkg' build argument 'cmake_clean_first' from command line to 'False'
[0.518s] Level 5:colcon.colcon_core.verb:set package 'my_first_pkg' build argument 'cmake_force_configure' from command line to 'False'
[0.518s] Level 5:colcon.colcon_core.verb:set package 'my_first_pkg' build argument 'ament_cmake_args' from command line to 'None'
[0.518s] Level 5:colcon.colcon_core.verb:set package 'my_first_pkg' build argument 'catkin_cmake_args' from command line to 'None'
[0.518s] Level 5:colcon.colcon_core.verb:set package 'my_first_pkg' build argument 'catkin_skip_building_tests' from command line to 'False'
[0.518s] DEBUG:colcon.colcon_core.verb:Building package 'my_first_pkg' with the following arguments: {'ament_cmake_args': None, 'build_base': '/home/sbr/ros2_ws/build/my_first_pkg', 'catkin_cmake_args': None, 'catkin_skip_building_tests': False, 'cmake_args': None, 'cmake_clean_cache': False, 'cmake_clean_first': False, 'cmake_force_configure': False, 'cmake_target': None, 'cmake_target_skip_unavailable': False, 'install_base': '/home/sbr/ros2_ws/install', 'merge_install': True, 'path': '/home/sbr/ros2_ws/src/my_first_pkg', 'symlink_install': False, 'test_result_base': None}
[0.519s] INFO:colcon.colcon_core.executor:Executing jobs using 'parallel' executor
[0.521s] DEBUG:colcon.colcon_parallel_executor.executor.parallel:run_until_complete
[0.522s] INFO:colcon.colcon_ros.task.ament_python.build:Building ROS package in '/home/sbr/ros2_ws/src/my_first_pkg' with build type 'ament_python'
[0.522s] Level 1:colcon.colcon_core.shell:create_environment_hook('my_first_pkg', 'ament_prefix_path')
[0.527s] INFO:colcon.colcon_core.plugin_system:Skipping extension 'colcon_core.shell.bat': Not used on non-Windows systems
[0.528s] INFO:colcon.colcon_core.shell:Creating environment hook '/home/sbr/ros2_ws/install/share/my_first_pkg/hook/ament_prefix_path.ps1'
[0.529s] INFO:colcon.colcon_core.shell:Creating environment descriptor '/home/sbr/ros2_ws/install/share/my_first_pkg/hook/ament_prefix_path.dsv'
[0.536s] INFO:colcon.colcon_core.shell:Creating environment hook '/home/sbr/ros2_ws/install/share/my_first_pkg/hook/ament_prefix_path.sh'
[0.539s] INFO:colcon.colcon_core.shell:Skip shell extension 'powershell' for command environment: Not usable outside of PowerShell
[0.539s] DEBUG:colcon.colcon_core.shell:Skip shell extension 'dsv' for command environment
[1.232s] WARNING:colcon.colcon_ros.task.ament_python.build:Package 'my_first_pkg' doesn't explicitly install a marker in the package index (colcon-ros currently does it implicitly but that fallback will be removed in the future)
[1.233s] WARNING:colcon.colcon_ros.task.ament_python.build:Package 'my_first_pkg' doesn't explicitly install the 'package.xml' file (colcon-ros currently does it implicitly but that fallback will be removed in the future)
[1.233s] INFO:colcon.colcon_core.task.python.build:Building Python package in '/home/sbr/ros2_ws/src/my_first_pkg'
[1.238s] INFO:colcon.colcon_core.shell:Skip shell extension 'powershell' for command environment: Not usable outside of PowerShell
[1.238s] DEBUG:colcon.colcon_core.shell:Skip shell extension 'dsv' for command environment
[2.532s] DEBUG:colcon.colcon_core.event_handler.log_command:Invoking command in '/home/sbr/ros2_ws/build/my_first_pkg': DEBUGINFOD_URLS=https://debuginfod.ubuntu.com PYTHONPATH=/home/sbr/ros2_ws/build/my_first_pkg/prefix_override:/usr/lib/python3/dist-packages/colcon_core/task/python/colcon_distutils_commands:/home/sbr/ros2_ws/install/lib/python3.12/site-packages:${PYTHONPATH} /usr/bin/python3 -W ignore:setup.py install is deprecated -W ignore:easy_install command is deprecated setup.py develop --uninstall --editable --build-directory /home/sbr/ros2_ws/build/my_first_pkg/build
[3.682s] DEBUG:colcon.colcon_core.event_handler.log_command:Invoked command in '/home/sbr/ros2_ws/build/my_first_pkg' returned '0': DEBUGINFOD_URLS=https://debuginfod.ubuntu.com PYTHONPATH=/home/sbr/ros2_ws/build/my_first_pkg/prefix_override:/usr/lib/python3/dist-packages/colcon_core/task/python/colcon_distutils_commands:/home/sbr/ros2_ws/install/lib/python3.12/site-packages:${PYTHONPATH} /usr/bin/python3 -W ignore:setup.py install is deprecated -W ignore:easy_install command is deprecated setup.py develop --uninstall --editable --build-directory /home/sbr/ros2_ws/build/my_first_pkg/build
[3.685s] DEBUG:colcon.colcon_core.event_handler.log_command:Invoking command in '/home/sbr/ros2_ws/src/my_first_pkg': DEBUGINFOD_URLS=https://debuginfod.ubuntu.com PYTHONPATH=/home/sbr/ros2_ws/build/my_first_pkg/prefix_override:/usr/lib/python3/dist-packages/colcon_core/task/python/colcon_distutils_commands:/home/sbr/ros2_ws/install/lib/python3.12/site-packages:${PYTHONPATH} /usr/bin/python3 -W ignore:setup.py install is deprecated -W ignore:easy_install command is deprecated setup.py egg_info --egg-base ../../build/my_first_pkg build --build-base /home/sbr/ros2_ws/build/my_first_pkg/build install --record /home/sbr/ros2_ws/build/my_first_pkg/install.log --single-version-externally-managed
[4.900s] DEBUG:colcon.colcon_core.event_handler.log_command:Invoked command in '/home/sbr/ros2_ws/src/my_first_pkg' returned '0': DEBUGINFOD_URLS=https://debuginfod.ubuntu.com PYTHONPATH=/home/sbr/ros2_ws/build/my_first_pkg/prefix_override:/usr/lib/python3/dist-packages/colcon_core/task/python/colcon_distutils_commands:/home/sbr/ros2_ws/install/lib/python3.12/site-packages:${PYTHONPATH} /usr/bin/python3 -W ignore:setup.py install is deprecated -W ignore:easy_install command is deprecated setup.py egg_info --egg-base ../../build/my_first_pkg build --build-base /home/sbr/ros2_ws/build/my_first_pkg/build install --record /home/sbr/ros2_ws/build/my_first_pkg/install.log --single-version-externally-managed
[4.906s] Level 1:colcon.colcon_core.environment:checking '/home/sbr/ros2_ws/install' for CMake module files
[4.907s] Level 1:colcon.colcon_core.environment:checking '/home/sbr/ros2_ws/install' for CMake config files
[4.908s] Level 1:colcon.colcon_core.environment:checking '/home/sbr/ros2_ws/install/lib'
[4.909s] Level 1:colcon.colcon_core.environment:checking '/home/sbr/ros2_ws/install/bin'
[4.909s] Level 1:colcon.colcon_core.shell:create_environment_hook('my_first_pkg', 'path')
[4.909s] INFO:colcon.colcon_core.shell:Creating environment hook '/home/sbr/ros2_ws/install/share/my_first_pkg/hook/path.ps1'
[4.910s] INFO:colcon.colcon_core.shell:Creating environment descriptor '/home/sbr/ros2_ws/install/share/my_first_pkg/hook/path.dsv'
[4.917s] INFO:colcon.colcon_core.shell:Creating environment hook '/home/sbr/ros2_ws/install/share/my_first_pkg/hook/path.sh'
[4.918s] Level 1:colcon.colcon_core.environment:checking '/home/sbr/ros2_ws/install/lib/pkgconfig/my_first_pkg.pc'
[4.919s] Level 1:colcon.colcon_core.environment:checking '/home/sbr/ros2_ws/install/lib/python3.12/site-packages'
[4.919s] Level 1:colcon.colcon_core.shell:create_environment_hook('my_first_pkg', 'pythonpath')
[4.919s] INFO:colcon.colcon_core.shell:Creating environment hook '/home/sbr/ros2_ws/install/share/my_first_pkg/hook/pythonpath.ps1'
[4.920s] INFO:colcon.colcon_core.shell:Creating environment descriptor '/home/sbr/ros2_ws/install/share/my_first_pkg/hook/pythonpath.dsv'
[4.921s] INFO:colcon.colcon_core.shell:Creating environment hook '/home/sbr/ros2_ws/install/share/my_first_pkg/hook/pythonpath.sh'
[4.922s] Level 1:colcon.colcon_core.environment:checking '/home/sbr/ros2_ws/install/bin'
[4.923s] Level 1:colcon.colcon_core.shell:create_environment_hook('my_first_pkg', 'pythonscriptspath')
[4.923s] INFO:colcon.colcon_core.shell:Creating environment hook '/home/sbr/ros2_ws/install/share/my_first_pkg/hook/pythonscriptspath.ps1'
[4.925s] INFO:colcon.colcon_core.shell:Creating environment descriptor '/home/sbr/ros2_ws/install/share/my_first_pkg/hook/pythonscriptspath.dsv'
[4.927s] INFO:colcon.colcon_core.shell:Creating environment hook '/home/sbr/ros2_ws/install/share/my_first_pkg/hook/pythonscriptspath.sh'
[4.928s] Level 1:colcon.colcon_core.environment:create_environment_scripts_only(my_first_pkg)
[4.929s] INFO:colcon.colcon_core.shell:Creating package script '/home/sbr/ros2_ws/install/share/my_first_pkg/package.ps1'
[4.931s] INFO:colcon.colcon_core.shell:Creating package descriptor '/home/sbr/ros2_ws/install/share/my_first_pkg/package.dsv'
[4.933s] INFO:colcon.colcon_core.shell:Creating package script '/home/sbr/ros2_ws/install/share/my_first_pkg/package.sh'
[4.934s] INFO:colcon.colcon_core.shell:Creating package script '/home/sbr/ros2_ws/install/share/my_first_pkg/package.bash'
[4.935s] INFO:colcon.colcon_core.shell:Creating package script '/home/sbr/ros2_ws/install/share/my_first_pkg/package.zsh'
[4.937s] Level 1:colcon.colcon_core.environment:create_file_with_runtime_dependencies(/home/sbr/ros2_ws/install/share/colcon-core/packages/my_first_pkg)
[4.938s] DEBUG:colcon.colcon_parallel_executor.executor.parallel:closing loop
[4.939s] DEBUG:colcon.colcon_parallel_executor.executor.parallel:loop closed
[4.939s] DEBUG:colcon.colcon_parallel_executor.executor.parallel:run_until_complete finished with '0'
[4.939s] DEBUG:colcon.colcon_core.event_reactor:joining thread
[4.955s] INFO:colcon.colcon_core.plugin_system:Skipping extension 'colcon_notification.desktop_notification.terminal_notifier': Not used on non-Darwin systems
[4.955s] INFO:colcon.colcon_core.plugin_system:Skipping extension 'colcon_notification.desktop_notification.win32': Not used on non-Windows systems
[4.955s] INFO:colcon.colcon_notification.desktop_notification:Sending desktop notification using 'notify2'
[4.956s] DEBUG:colcon.colcon_notification.desktop_notification.notify2:Failed to initialize notify2: org.freedesktop.DBus.Error.AccessDenied: Failed to connect to socket /run/user/1000/bus: Operation not permitted
[4.956s] DEBUG:colcon.colcon_core.event_reactor:joined thread
[4.957s] INFO:colcon.colcon_core.shell:Creating prefix script '/home/sbr/ros2_ws/install/local_setup.ps1'
[4.959s] INFO:colcon.colcon_core.shell:Creating prefix util module '/home/sbr/ros2_ws/install/_local_setup_util_ps1.py'
[4.965s] INFO:colcon.colcon_core.shell:Creating prefix chain script '/home/sbr/ros2_ws/install/setup.ps1'
[4.967s] INFO:colcon.colcon_core.shell:Creating prefix script '/home/sbr/ros2_ws/install/local_setup.sh'
[4.969s] INFO:colcon.colcon_core.shell:Creating prefix util module '/home/sbr/ros2_ws/install/_local_setup_util_sh.py'
[4.971s] INFO:colcon.colcon_core.shell:Creating prefix chain script '/home/sbr/ros2_ws/install/setup.sh'
[4.974s] INFO:colcon.colcon_core.shell:Creating prefix script '/home/sbr/ros2_ws/install/local_setup.bash'
[4.976s] INFO:colcon.colcon_core.shell:Creating prefix chain script '/home/sbr/ros2_ws/install/setup.bash'
[4.978s] INFO:colcon.colcon_core.shell:Creating prefix script '/home/sbr/ros2_ws/install/local_setup.zsh'
[4.980s] INFO:colcon.colcon_core.shell:Creating prefix chain script '/home/sbr/ros2_ws/install/setup.zsh'
