[0.157s] DEBUG:colcon:Command line arguments: ['/usr/bin/colcon', 'build', '--merge-install']
[0.157s] DEBUG:colcon:Parsed command line arguments: Namespace(log_base=None, log_level=None, verb_name='build', build_base='build', install_base='install', merge_install=True, symlink_install=False, test_result_base=None, continue_on_error=False, executor='parallel', parallel_workers=4, event_handlers=None, ignore_user_meta=False, metas=['./colcon.meta'], base_paths=['.'], packages_ignore=None, packages_ignore_regex=None, paths=None, packages_up_to=None, packages_up_to_regex=None, packages_above=None, packages_above_and_dependencies=None, packages_above_depth=None, packages_select_by_dep=None, packages_skip_by_dep=None, packages_skip_up_to=None, packages_select_build_failed=False, packages_skip_build_finished=False, packages_select_test_failures=False, packages_skip_test_passed=False, packages_select=None, packages_skip=None, packages_select_regex=None, packages_skip_regex=None, packages_start=None, packages_end=None, allow_overriding=[], cmake_args=None, cmake_target=None, cmake_target_skip_unavailable=False, cmake_clean_cache=False, cmake_clean_first=False, cmake_force_configure=False, ament_cmake_args=None, catkin_cmake_args=None, catkin_skip_building_tests=False, verb_parser=<colcon_defaults.argument_parser.defaults.DefaultArgumentsDecorator object at 0xffffa2afd7c0>, verb_extension=<colcon_core.verb.build.BuildVerb object at 0xffffa2cae390>, main=<bound method BuildVerb.main of <colcon_core.verb.build.BuildVerb object at 0xffffa2cae390>>)
[0.215s] Level 1:colcon.colcon_core.package_discovery:discover_packages(colcon_meta) check parameters
[0.215s] Level 1:colcon.colcon_core.package_discovery:discover_packages(recursive) check parameters
[0.215s] Level 1:colcon.colcon_core.package_discovery:discover_packages(ignore) check parameters
[0.215s] Level 1:colcon.colcon_core.package_discovery:discover_packages(path) check parameters
[0.215s] Level 1:colcon.colcon_core.package_discovery:discover_packages(colcon_meta) discover
[0.215s] Level 1:colcon.colcon_core.package_discovery:discover_packages(recursive) discover
[0.215s] INFO:colcon.colcon_core.package_discovery:Crawling recursively for packages in '/home/sbr/ros2_ws'
[0.215s] Level 1:colcon.colcon_core.package_identification:_identify(.) by extensions ['ignore', 'ignore_ament_install']
[0.215s] Level 1:colcon.colcon_core.package_identification:_identify(.) by extension 'ignore'
[0.215s] Level 1:colcon.colcon_core.package_identification:_identify(.) by extension 'ignore_ament_install'
[0.216s] Level 1:colcon.colcon_core.package_identification:_identify(.) by extensions ['colcon_pkg']
[0.216s] Level 1:colcon.colcon_core.package_identification:_identify(.) by extension 'colcon_pkg'
[0.216s] Level 1:colcon.colcon_core.package_identification:_identify(.) by extensions ['colcon_meta']
[0.216s] Level 1:colcon.colcon_core.package_identification:_identify(.) by extension 'colcon_meta'
[0.216s] Level 1:colcon.colcon_core.package_identification:_identify(.) by extensions ['ros']
[0.216s] Level 1:colcon.colcon_core.package_identification:_identify(.) by extension 'ros'
[0.254s] Level 1:colcon.colcon_core.package_identification:_identify(.) by extensions ['cmake', 'python']
[0.254s] Level 1:colcon.colcon_core.package_identification:_identify(.) by extension 'cmake'
[0.254s] Level 1:colcon.colcon_core.package_identification:_identify(.) by extension 'python'
[0.254s] Level 1:colcon.colcon_core.package_identification:_identify(.) by extensions ['python_setup_py']
[0.254s] Level 1:colcon.colcon_core.package_identification:_identify(.) by extension 'python_setup_py'
[0.254s] Level 1:colcon.colcon_core.package_identification:_identify(build) by extensions ['ignore', 'ignore_ament_install']
[0.255s] Level 1:colcon.colcon_core.package_identification:_identify(build) by extension 'ignore'
[0.255s] Level 1:colcon.colcon_core.package_identification:_identify(build) ignored
[0.255s] Level 1:colcon.colcon_core.package_identification:_identify(install) by extensions ['ignore', 'ignore_ament_install']
[0.255s] Level 1:colcon.colcon_core.package_identification:_identify(install) by extension 'ignore'
[0.255s] Level 1:colcon.colcon_core.package_identification:_identify(install) ignored
[0.255s] Level 1:colcon.colcon_core.package_identification:_identify(log) by extensions ['ignore', 'ignore_ament_install']
[0.255s] Level 1:colcon.colcon_core.package_identification:_identify(log) by extension 'ignore'
[0.255s] Level 1:colcon.colcon_core.package_identification:_identify(log) ignored
[0.255s] Level 1:colcon.colcon_core.package_identification:_identify(src) by extensions ['ignore', 'ignore_ament_install']
[0.255s] Level 1:colcon.colcon_core.package_identification:_identify(src) by extension 'ignore'
[0.256s] Level 1:colcon.colcon_core.package_identification:_identify(src) by extension 'ignore_ament_install'
[0.256s] Level 1:colcon.colcon_core.package_identification:_identify(src) by extensions ['colcon_pkg']
[0.256s] Level 1:colcon.colcon_core.package_identification:_identify(src) by extension 'colcon_pkg'
[0.256s] Level 1:colcon.colcon_core.package_identification:_identify(src) by extensions ['colcon_meta']
[0.256s] Level 1:colcon.colcon_core.package_identification:_identify(src) by extension 'colcon_meta'
[0.256s] Level 1:colcon.colcon_core.package_identification:_identify(src) by extensions ['ros']
[0.256s] Level 1:colcon.colcon_core.package_identification:_identify(src) by extension 'ros'
[0.256s] Level 1:colcon.colcon_core.package_identification:_identify(src) by extensions ['cmake', 'python']
[0.256s] Level 1:colcon.colcon_core.package_identification:_identify(src) by extension 'cmake'
[0.256s] Level 1:colcon.colcon_core.package_identification:_identify(src) by extension 'python'
[0.256s] Level 1:colcon.colcon_core.package_identification:_identify(src) by extensions ['python_setup_py']
[0.256s] Level 1:colcon.colcon_core.package_identification:_identify(src) by extension 'python_setup_py'
[0.256s] Level 1:colcon.colcon_core.package_identification:_identify(src/my_first_pkg) by extensions ['ignore', 'ignore_ament_install']
[0.256s] Level 1:colcon.colcon_core.package_identification:_identify(src/my_first_pkg) by extension 'ignore'
[0.256s] Level 1:colcon.colcon_core.package_identification:_identify(src/my_first_pkg) by extension 'ignore_ament_install'
[0.256s] Level 1:colcon.colcon_core.package_identification:_identify(src/my_first_pkg) by extensions ['colcon_pkg']
[0.256s] Level 1:colcon.colcon_core.package_identification:_identify(src/my_first_pkg) by extension 'colcon_pkg'
[0.256s] Level 1:colcon.colcon_core.package_identification:_identify(src/my_first_pkg) by extensions ['colcon_meta']
[0.256s] Level 1:colcon.colcon_core.package_identification:_identify(src/my_first_pkg) by extension 'colcon_meta'
[0.256s] Level 1:colcon.colcon_core.package_identification:_identify(src/my_first_pkg) by extensions ['ros']
[0.257s] Level 1:colcon.colcon_core.package_identification:_identify(src/my_first_pkg) by extension 'ros'
[0.262s] DEBUG:colcon.colcon_core.package_identification:Package 'src/my_first_pkg' with type 'ros.ament_python' and name 'my_first_pkg'
[0.262s] Level 1:colcon.colcon_core.package_identification:_identify(src/my_robot_description) by extensions ['ignore', 'ignore_ament_install']
[0.262s] Level 1:colcon.colcon_core.package_identification:_identify(src/my_robot_description) by extension 'ignore'
[0.262s] Level 1:colcon.colcon_core.package_identification:_identify(src/my_robot_description) by extension 'ignore_ament_install'
[0.262s] Level 1:colcon.colcon_core.package_identification:_identify(src/my_robot_description) by extensions ['colcon_pkg']
[0.262s] Level 1:colcon.colcon_core.package_identification:_identify(src/my_robot_description) by extension 'colcon_pkg'
[0.262s] Level 1:colcon.colcon_core.package_identification:_identify(src/my_robot_description) by extensions ['colcon_meta']
[0.262s] Level 1:colcon.colcon_core.package_identification:_identify(src/my_robot_description) by extension 'colcon_meta'
[0.262s] Level 1:colcon.colcon_core.package_identification:_identify(src/my_robot_description) by extensions ['ros']
[0.262s] Level 1:colcon.colcon_core.package_identification:_identify(src/my_robot_description) by extension 'ros'
[0.263s] DEBUG:colcon.colcon_core.package_identification:Package 'src/my_robot_description' with type 'ros.ament_cmake' and name 'my_robot_description'
[0.263s] Level 1:colcon.colcon_core.package_discovery:discover_packages(recursive) using defaults
[0.263s] Level 1:colcon.colcon_core.package_discovery:discover_packages(ignore) discover
[0.263s] Level 1:colcon.colcon_core.package_discovery:discover_packages(ignore) using defaults
[0.263s] Level 1:colcon.colcon_core.package_discovery:discover_packages(path) discover
[0.263s] Level 1:colcon.colcon_core.package_discovery:discover_packages(path) using defaults
[0.287s] Level 1:colcon.colcon_core.package_discovery:discover_packages(prefix_path) check parameters
[0.287s] Level 1:colcon.colcon_core.package_discovery:discover_packages(prefix_path) discover
[0.289s] DEBUG:colcon.colcon_installed_package_information.package_discovery:Found 2 installed packages in /home/sbr/ros2_ws/install
[0.291s] DEBUG:colcon.colcon_installed_package_information.package_discovery:Found 318 installed packages in /opt/ros/jazzy
[0.293s] Level 1:colcon.colcon_core.package_discovery:discover_packages(prefix_path) using defaults
[0.357s] Level 5:colcon.colcon_core.verb:set package 'my_first_pkg' build argument 'cmake_args' from command line to 'None'
[0.357s] Level 5:colcon.colcon_core.verb:set package 'my_first_pkg' build argument 'cmake_target' from command line to 'None'
[0.357s] Level 5:colcon.colcon_core.verb:set package 'my_first_pkg' build argument 'cmake_target_skip_unavailable' from command line to 'False'
[0.357s] Level 5:colcon.colcon_core.verb:set package 'my_first_pkg' build argument 'cmake_clean_cache' from command line to 'False'
[0.357s] Level 5:colcon.colcon_core.verb:set package 'my_first_pkg' build argument 'cmake_clean_first' from command line to 'False'
[0.357s] Level 5:colcon.colcon_core.verb:set package 'my_first_pkg' build argument 'cmake_force_configure' from command line to 'False'
[0.357s] Level 5:colcon.colcon_core.verb:set package 'my_first_pkg' build argument 'ament_cmake_args' from command line to 'None'
[0.357s] Level 5:colcon.colcon_core.verb:set package 'my_first_pkg' build argument 'catkin_cmake_args' from command line to 'None'
[0.357s] Level 5:colcon.colcon_core.verb:set package 'my_first_pkg' build argument 'catkin_skip_building_tests' from command line to 'False'
[0.358s] DEBUG:colcon.colcon_core.verb:Building package 'my_first_pkg' with the following arguments: {'ament_cmake_args': None, 'build_base': '/home/sbr/ros2_ws/build/my_first_pkg', 'catkin_cmake_args': None, 'catkin_skip_building_tests': False, 'cmake_args': None, 'cmake_clean_cache': False, 'cmake_clean_first': False, 'cmake_force_configure': False, 'cmake_target': None, 'cmake_target_skip_unavailable': False, 'install_base': '/home/sbr/ros2_ws/install', 'merge_install': True, 'path': '/home/sbr/ros2_ws/src/my_first_pkg', 'symlink_install': False, 'test_result_base': None}
[0.358s] Level 5:colcon.colcon_core.verb:set package 'my_robot_description' build argument 'cmake_args' from command line to 'None'
[0.358s] Level 5:colcon.colcon_core.verb:set package 'my_robot_description' build argument 'cmake_target' from command line to 'None'
[0.358s] Level 5:colcon.colcon_core.verb:set package 'my_robot_description' build argument 'cmake_target_skip_unavailable' from command line to 'False'
[0.358s] Level 5:colcon.colcon_core.verb:set package 'my_robot_description' build argument 'cmake_clean_cache' from command line to 'False'
[0.358s] Level 5:colcon.colcon_core.verb:set package 'my_robot_description' build argument 'cmake_clean_first' from command line to 'False'
[0.358s] Level 5:colcon.colcon_core.verb:set package 'my_robot_description' build argument 'cmake_force_configure' from command line to 'False'
[0.358s] Level 5:colcon.colcon_core.verb:set package 'my_robot_description' build argument 'ament_cmake_args' from command line to 'None'
[0.358s] Level 5:colcon.colcon_core.verb:set package 'my_robot_description' build argument 'catkin_cmake_args' from command line to 'None'
[0.358s] Level 5:colcon.colcon_core.verb:set package 'my_robot_description' build argument 'catkin_skip_building_tests' from command line to 'False'
[0.358s] DEBUG:colcon.colcon_core.verb:Building package 'my_robot_description' with the following arguments: {'ament_cmake_args': None, 'build_base': '/home/sbr/ros2_ws/build/my_robot_description', 'catkin_cmake_args': None, 'catkin_skip_building_tests': False, 'cmake_args': None, 'cmake_clean_cache': False, 'cmake_clean_first': False, 'cmake_force_configure': False, 'cmake_target': None, 'cmake_target_skip_unavailable': False, 'install_base': '/home/sbr/ros2_ws/install', 'merge_install': True, 'path': '/home/sbr/ros2_ws/src/my_robot_description', 'symlink_install': False, 'test_result_base': None}
[0.358s] INFO:colcon.colcon_core.executor:Executing jobs using 'parallel' executor
[0.360s] DEBUG:colcon.colcon_parallel_executor.executor.parallel:run_until_complete
[0.360s] INFO:colcon.colcon_ros.task.ament_python.build:Building ROS package in '/home/sbr/ros2_ws/src/my_first_pkg' with build type 'ament_python'
[0.360s] Level 1:colcon.colcon_core.shell:create_environment_hook('my_first_pkg', 'ament_prefix_path')
[0.363s] INFO:colcon.colcon_core.plugin_system:Skipping extension 'colcon_core.shell.bat': Not used on non-Windows systems
[0.363s] INFO:colcon.colcon_core.shell:Creating environment hook '/home/sbr/ros2_ws/install/share/my_first_pkg/hook/ament_prefix_path.ps1'
[0.364s] INFO:colcon.colcon_core.shell:Creating environment descriptor '/home/sbr/ros2_ws/install/share/my_first_pkg/hook/ament_prefix_path.dsv'
[0.370s] INFO:colcon.colcon_core.shell:Creating environment hook '/home/sbr/ros2_ws/install/share/my_first_pkg/hook/ament_prefix_path.sh'
[0.372s] INFO:colcon.colcon_core.shell:Skip shell extension 'powershell' for command environment: Not usable outside of PowerShell
[0.372s] DEBUG:colcon.colcon_core.shell:Skip shell extension 'dsv' for command environment
[0.378s] INFO:colcon.colcon_ros.task.ament_cmake.build:Building ROS package in '/home/sbr/ros2_ws/src/my_robot_description' with build type 'ament_cmake'
[0.378s] INFO:colcon.colcon_cmake.task.cmake.build:Building CMake package in '/home/sbr/ros2_ws/src/my_robot_description'
[0.379s] INFO:colcon.colcon_core.shell:Skip shell extension 'powershell' for command environment: Not usable outside of PowerShell
[0.379s] DEBUG:colcon.colcon_core.shell:Skip shell extension 'dsv' for command environment
[0.955s] WARNING:colcon.colcon_ros.task.ament_python.build:Package 'my_first_pkg' doesn't explicitly install a marker in the package index (colcon-ros currently does it implicitly but that fallback will be removed in the future)
[0.956s] WARNING:colcon.colcon_ros.task.ament_python.build:Package 'my_first_pkg' doesn't explicitly install the 'package.xml' file (colcon-ros currently does it implicitly but that fallback will be removed in the future)
[0.958s] INFO:colcon.colcon_core.task.python.build:Building Python package in '/home/sbr/ros2_ws/src/my_first_pkg'
[0.959s] INFO:colcon.colcon_core.shell:Skip shell extension 'powershell' for command environment: Not usable outside of PowerShell
[0.960s] DEBUG:colcon.colcon_core.shell:Skip shell extension 'dsv' for command environment
[0.986s] DEBUG:colcon.colcon_core.event_handler.log_command:Invoking command in '/home/sbr/ros2_ws/build/my_robot_description': CMAKE_PREFIX_PATH=${CMAKE_PREFIX_PATH}:/opt/ros/jazzy DEBUGINFOD_URLS=https://debuginfod.ubuntu.com /usr/bin/cmake --build /home/sbr/ros2_ws/build/my_robot_description -- -j4 -l4
[1.256s] DEBUG:colcon.colcon_core.event_handler.log_command:Invoked command in '/home/sbr/ros2_ws/build/my_robot_description' returned '0': CMAKE_PREFIX_PATH=${CMAKE_PREFIX_PATH}:/opt/ros/jazzy DEBUGINFOD_URLS=https://debuginfod.ubuntu.com /usr/bin/cmake --build /home/sbr/ros2_ws/build/my_robot_description -- -j4 -l4
[1.317s] DEBUG:colcon.colcon_core.event_handler.log_command:Invoking command in '/home/sbr/ros2_ws/build/my_robot_description': CMAKE_PREFIX_PATH=${CMAKE_PREFIX_PATH}:/opt/ros/jazzy DEBUGINFOD_URLS=https://debuginfod.ubuntu.com /usr/bin/cmake --install /home/sbr/ros2_ws/build/my_robot_description
[1.394s] Level 1:colcon.colcon_core.environment:create_environment_scripts_only(my_robot_description)
[1.405s] DEBUG:colcon.colcon_core.event_handler.log_command:Invoked command in '/home/sbr/ros2_ws/build/my_robot_description' returned '0': CMAKE_PREFIX_PATH=${CMAKE_PREFIX_PATH}:/opt/ros/jazzy DEBUGINFOD_URLS=https://debuginfod.ubuntu.com /usr/bin/cmake --install /home/sbr/ros2_ws/build/my_robot_description
[1.411s] Level 1:colcon.colcon_core.environment:checking '/home/sbr/ros2_ws/install' for CMake module files
[1.412s] Level 1:colcon.colcon_core.environment:checking '/home/sbr/ros2_ws/install' for CMake config files
[1.413s] Level 1:colcon.colcon_core.shell:create_environment_hook('my_robot_description', 'cmake_prefix_path')
[1.414s] INFO:colcon.colcon_core.shell:Creating environment hook '/home/sbr/ros2_ws/install/share/my_robot_description/hook/cmake_prefix_path.ps1'
[1.416s] INFO:colcon.colcon_core.shell:Creating environment descriptor '/home/sbr/ros2_ws/install/share/my_robot_description/hook/cmake_prefix_path.dsv'
[1.422s] INFO:colcon.colcon_core.shell:Creating environment hook '/home/sbr/ros2_ws/install/share/my_robot_description/hook/cmake_prefix_path.sh'
[1.425s] Level 1:colcon.colcon_core.environment:checking '/home/sbr/ros2_ws/install/lib'
[1.426s] Level 1:colcon.colcon_core.environment:checking '/home/sbr/ros2_ws/install/bin'
[1.427s] Level 1:colcon.colcon_core.shell:create_environment_hook('my_robot_description', 'path')
[1.427s] INFO:colcon.colcon_core.shell:Creating environment hook '/home/sbr/ros2_ws/install/share/my_robot_description/hook/path.ps1'
[1.430s] INFO:colcon.colcon_core.shell:Creating environment descriptor '/home/sbr/ros2_ws/install/share/my_robot_description/hook/path.dsv'
[1.433s] INFO:colcon.colcon_core.shell:Creating environment hook '/home/sbr/ros2_ws/install/share/my_robot_description/hook/path.sh'
[1.435s] Level 1:colcon.colcon_core.environment:checking '/home/sbr/ros2_ws/install/lib/pkgconfig/my_robot_description.pc'
[1.437s] Level 1:colcon.colcon_core.environment:checking '/home/sbr/ros2_ws/install/lib/python3.12/site-packages'
[1.437s] Level 1:colcon.colcon_core.shell:create_environment_hook('my_robot_description', 'pythonpath')
[1.438s] INFO:colcon.colcon_core.shell:Creating environment hook '/home/sbr/ros2_ws/install/share/my_robot_description/hook/pythonpath.ps1'
[1.442s] INFO:colcon.colcon_core.shell:Creating environment descriptor '/home/sbr/ros2_ws/install/share/my_robot_description/hook/pythonpath.dsv'
[1.444s] INFO:colcon.colcon_core.shell:Creating environment hook '/home/sbr/ros2_ws/install/share/my_robot_description/hook/pythonpath.sh'
[1.448s] Level 1:colcon.colcon_core.environment:checking '/home/sbr/ros2_ws/install/bin'
[1.448s] Level 1:colcon.colcon_core.shell:create_environment_hook('my_robot_description', 'pythonscriptspath')
[1.449s] INFO:colcon.colcon_core.shell:Creating environment hook '/home/sbr/ros2_ws/install/share/my_robot_description/hook/pythonscriptspath.ps1'
[1.451s] INFO:colcon.colcon_core.shell:Creating environment descriptor '/home/sbr/ros2_ws/install/share/my_robot_description/hook/pythonscriptspath.dsv'
[1.452s] INFO:colcon.colcon_core.shell:Creating environment hook '/home/sbr/ros2_ws/install/share/my_robot_description/hook/pythonscriptspath.sh'
[1.456s] INFO:colcon.colcon_core.shell:Creating package script '/home/sbr/ros2_ws/install/share/my_robot_description/package.ps1'
[1.458s] INFO:colcon.colcon_core.shell:Creating package descriptor '/home/sbr/ros2_ws/install/share/my_robot_description/package.dsv'
[1.460s] INFO:colcon.colcon_core.shell:Creating package script '/home/sbr/ros2_ws/install/share/my_robot_description/package.sh'
[1.461s] INFO:colcon.colcon_core.shell:Creating package script '/home/sbr/ros2_ws/install/share/my_robot_description/package.bash'
[1.466s] INFO:colcon.colcon_core.shell:Creating package script '/home/sbr/ros2_ws/install/share/my_robot_description/package.zsh'
[1.469s] Level 1:colcon.colcon_core.environment:create_file_with_runtime_dependencies(/home/sbr/ros2_ws/install/share/colcon-core/packages/my_robot_description)
[1.470s] Level 1:colcon.colcon_core.environment:create_environment_scripts_only(my_robot_description)
[1.471s] Level 1:colcon.colcon_core.environment:checking '/home/sbr/ros2_ws/install' for CMake module files
[1.472s] Level 1:colcon.colcon_core.environment:checking '/home/sbr/ros2_ws/install' for CMake config files
[1.473s] Level 1:colcon.colcon_core.shell:create_environment_hook('my_robot_description', 'cmake_prefix_path')
[1.473s] INFO:colcon.colcon_core.shell:Creating environment hook '/home/sbr/ros2_ws/install/share/my_robot_description/hook/cmake_prefix_path.ps1'
[1.475s] INFO:colcon.colcon_core.shell:Creating environment descriptor '/home/sbr/ros2_ws/install/share/my_robot_description/hook/cmake_prefix_path.dsv'
[1.476s] INFO:colcon.colcon_core.shell:Creating environment hook '/home/sbr/ros2_ws/install/share/my_robot_description/hook/cmake_prefix_path.sh'
[1.478s] Level 1:colcon.colcon_core.environment:checking '/home/sbr/ros2_ws/install/lib'
[1.478s] Level 1:colcon.colcon_core.environment:checking '/home/sbr/ros2_ws/install/bin'
[1.478s] Level 1:colcon.colcon_core.shell:create_environment_hook('my_robot_description', 'path')
[1.479s] INFO:colcon.colcon_core.shell:Creating environment hook '/home/sbr/ros2_ws/install/share/my_robot_description/hook/path.ps1'
[1.480s] INFO:colcon.colcon_core.shell:Creating environment descriptor '/home/sbr/ros2_ws/install/share/my_robot_description/hook/path.dsv'
[1.481s] INFO:colcon.colcon_core.shell:Creating environment hook '/home/sbr/ros2_ws/install/share/my_robot_description/hook/path.sh'
[1.483s] Level 1:colcon.colcon_core.environment:checking '/home/sbr/ros2_ws/install/lib/pkgconfig/my_robot_description.pc'
[1.484s] Level 1:colcon.colcon_core.environment:checking '/home/sbr/ros2_ws/install/lib/python3.12/site-packages'
[1.484s] Level 1:colcon.colcon_core.shell:create_environment_hook('my_robot_description', 'pythonpath')
[1.485s] INFO:colcon.colcon_core.shell:Creating environment hook '/home/sbr/ros2_ws/install/share/my_robot_description/hook/pythonpath.ps1'
[1.486s] INFO:colcon.colcon_core.shell:Creating environment descriptor '/home/sbr/ros2_ws/install/share/my_robot_description/hook/pythonpath.dsv'
[1.487s] INFO:colcon.colcon_core.shell:Creating environment hook '/home/sbr/ros2_ws/install/share/my_robot_description/hook/pythonpath.sh'
[1.490s] Level 1:colcon.colcon_core.environment:checking '/home/sbr/ros2_ws/install/bin'
[1.490s] Level 1:colcon.colcon_core.shell:create_environment_hook('my_robot_description', 'pythonscriptspath')
[1.491s] INFO:colcon.colcon_core.shell:Creating environment hook '/home/sbr/ros2_ws/install/share/my_robot_description/hook/pythonscriptspath.ps1'
[1.493s] INFO:colcon.colcon_core.shell:Creating environment descriptor '/home/sbr/ros2_ws/install/share/my_robot_description/hook/pythonscriptspath.dsv'
[1.494s] INFO:colcon.colcon_core.shell:Creating environment hook '/home/sbr/ros2_ws/install/share/my_robot_description/hook/pythonscriptspath.sh'
[1.498s] INFO:colcon.colcon_core.shell:Creating package script '/home/sbr/ros2_ws/install/share/my_robot_description/package.ps1'
[1.504s] INFO:colcon.colcon_core.shell:Creating package descriptor '/home/sbr/ros2_ws/install/share/my_robot_description/package.dsv'
[1.506s] INFO:colcon.colcon_core.shell:Creating package script '/home/sbr/ros2_ws/install/share/my_robot_description/package.sh'
[1.509s] INFO:colcon.colcon_core.shell:Creating package script '/home/sbr/ros2_ws/install/share/my_robot_description/package.bash'
[1.510s] INFO:colcon.colcon_core.shell:Creating package script '/home/sbr/ros2_ws/install/share/my_robot_description/package.zsh'
[1.512s] Level 1:colcon.colcon_core.environment:create_file_with_runtime_dependencies(/home/sbr/ros2_ws/install/share/colcon-core/packages/my_robot_description)
[2.551s] DEBUG:colcon.colcon_core.event_handler.log_command:Invoking command in '/home/sbr/ros2_ws/src/my_first_pkg': DEBUGINFOD_URLS=https://debuginfod.ubuntu.com PYTHONPATH=/home/sbr/ros2_ws/build/my_first_pkg/prefix_override:/usr/lib/python3/dist-packages/colcon_core/task/python/colcon_distutils_commands:/home/sbr/ros2_ws/install/lib/python3.12/site-packages:${PYTHONPATH} /usr/bin/python3 -W ignore:setup.py install is deprecated -W ignore:easy_install command is deprecated setup.py egg_info --egg-base ../../build/my_first_pkg build --build-base /home/sbr/ros2_ws/build/my_first_pkg/build install --record /home/sbr/ros2_ws/build/my_first_pkg/install.log --single-version-externally-managed
[3.607s] Level 1:colcon.colcon_core.environment:checking '/home/sbr/ros2_ws/install' for CMake module files
[3.608s] DEBUG:colcon.colcon_core.event_handler.log_command:Invoked command in '/home/sbr/ros2_ws/src/my_first_pkg' returned '0': DEBUGINFOD_URLS=https://debuginfod.ubuntu.com PYTHONPATH=/home/sbr/ros2_ws/build/my_first_pkg/prefix_override:/usr/lib/python3/dist-packages/colcon_core/task/python/colcon_distutils_commands:/home/sbr/ros2_ws/install/lib/python3.12/site-packages:${PYTHONPATH} /usr/bin/python3 -W ignore:setup.py install is deprecated -W ignore:easy_install command is deprecated setup.py egg_info --egg-base ../../build/my_first_pkg build --build-base /home/sbr/ros2_ws/build/my_first_pkg/build install --record /home/sbr/ros2_ws/build/my_first_pkg/install.log --single-version-externally-managed
[3.608s] Level 1:colcon.colcon_core.environment:checking '/home/sbr/ros2_ws/install' for CMake config files
[3.609s] Level 1:colcon.colcon_core.shell:create_environment_hook('my_first_pkg', 'cmake_prefix_path')
[3.610s] INFO:colcon.colcon_core.shell:Creating environment hook '/home/sbr/ros2_ws/install/share/my_first_pkg/hook/cmake_prefix_path.ps1'
[3.612s] INFO:colcon.colcon_core.shell:Creating environment descriptor '/home/sbr/ros2_ws/install/share/my_first_pkg/hook/cmake_prefix_path.dsv'
[3.619s] INFO:colcon.colcon_core.shell:Creating environment hook '/home/sbr/ros2_ws/install/share/my_first_pkg/hook/cmake_prefix_path.sh'
[3.621s] Level 1:colcon.colcon_core.environment:checking '/home/sbr/ros2_ws/install/lib'
[3.621s] Level 1:colcon.colcon_core.environment:checking '/home/sbr/ros2_ws/install/bin'
[3.621s] Level 1:colcon.colcon_core.shell:create_environment_hook('my_first_pkg', 'path')
[3.621s] INFO:colcon.colcon_core.shell:Creating environment hook '/home/sbr/ros2_ws/install/share/my_first_pkg/hook/path.ps1'
[3.623s] INFO:colcon.colcon_core.shell:Creating environment descriptor '/home/sbr/ros2_ws/install/share/my_first_pkg/hook/path.dsv'
[3.625s] INFO:colcon.colcon_core.shell:Creating environment hook '/home/sbr/ros2_ws/install/share/my_first_pkg/hook/path.sh'
[3.626s] Level 1:colcon.colcon_core.environment:checking '/home/sbr/ros2_ws/install/lib/pkgconfig/my_first_pkg.pc'
[3.626s] Level 1:colcon.colcon_core.environment:checking '/home/sbr/ros2_ws/install/lib/python3.12/site-packages'
[3.626s] Level 1:colcon.colcon_core.shell:create_environment_hook('my_first_pkg', 'pythonpath')
[3.627s] INFO:colcon.colcon_core.shell:Creating environment hook '/home/sbr/ros2_ws/install/share/my_first_pkg/hook/pythonpath.ps1'
[3.627s] INFO:colcon.colcon_core.shell:Creating environment descriptor '/home/sbr/ros2_ws/install/share/my_first_pkg/hook/pythonpath.dsv'
[3.630s] INFO:colcon.colcon_core.shell:Creating environment hook '/home/sbr/ros2_ws/install/share/my_first_pkg/hook/pythonpath.sh'
[3.632s] Level 1:colcon.colcon_core.environment:checking '/home/sbr/ros2_ws/install/bin'
[3.632s] Level 1:colcon.colcon_core.shell:create_environment_hook('my_first_pkg', 'pythonscriptspath')
[3.633s] INFO:colcon.colcon_core.shell:Creating environment hook '/home/sbr/ros2_ws/install/share/my_first_pkg/hook/pythonscriptspath.ps1'
[3.634s] INFO:colcon.colcon_core.shell:Creating environment descriptor '/home/sbr/ros2_ws/install/share/my_first_pkg/hook/pythonscriptspath.dsv'
[3.635s] INFO:colcon.colcon_core.shell:Creating environment hook '/home/sbr/ros2_ws/install/share/my_first_pkg/hook/pythonscriptspath.sh'
[3.638s] Level 1:colcon.colcon_core.environment:create_environment_scripts_only(my_first_pkg)
[3.638s] INFO:colcon.colcon_core.shell:Creating package script '/home/sbr/ros2_ws/install/share/my_first_pkg/package.ps1'
[3.639s] INFO:colcon.colcon_core.shell:Creating package descriptor '/home/sbr/ros2_ws/install/share/my_first_pkg/package.dsv'
[3.641s] INFO:colcon.colcon_core.shell:Creating package script '/home/sbr/ros2_ws/install/share/my_first_pkg/package.sh'
[3.642s] INFO:colcon.colcon_core.shell:Creating package script '/home/sbr/ros2_ws/install/share/my_first_pkg/package.bash'
[3.645s] INFO:colcon.colcon_core.shell:Creating package script '/home/sbr/ros2_ws/install/share/my_first_pkg/package.zsh'
[3.646s] Level 1:colcon.colcon_core.environment:create_file_with_runtime_dependencies(/home/sbr/ros2_ws/install/share/colcon-core/packages/my_first_pkg)
[3.647s] DEBUG:colcon.colcon_parallel_executor.executor.parallel:closing loop
[3.647s] DEBUG:colcon.colcon_parallel_executor.executor.parallel:loop closed
[3.648s] DEBUG:colcon.colcon_parallel_executor.executor.parallel:run_until_complete finished with '0'
[3.648s] DEBUG:colcon.colcon_core.event_reactor:joining thread
[3.661s] INFO:colcon.colcon_core.plugin_system:Skipping extension 'colcon_notification.desktop_notification.terminal_notifier': Not used on non-Darwin systems
[3.661s] INFO:colcon.colcon_core.plugin_system:Skipping extension 'colcon_notification.desktop_notification.win32': Not used on non-Windows systems
[3.661s] INFO:colcon.colcon_notification.desktop_notification:Sending desktop notification using 'notify2'
[3.693s] DEBUG:colcon.colcon_core.event_reactor:joined thread
[3.694s] INFO:colcon.colcon_core.shell:Creating prefix script '/home/sbr/ros2_ws/install/local_setup.ps1'
[3.697s] INFO:colcon.colcon_core.shell:Creating prefix util module '/home/sbr/ros2_ws/install/_local_setup_util_ps1.py'
[3.704s] INFO:colcon.colcon_core.shell:Creating prefix chain script '/home/sbr/ros2_ws/install/setup.ps1'
[3.708s] INFO:colcon.colcon_core.shell:Creating prefix script '/home/sbr/ros2_ws/install/local_setup.sh'
[3.711s] INFO:colcon.colcon_core.shell:Creating prefix util module '/home/sbr/ros2_ws/install/_local_setup_util_sh.py'
[3.713s] INFO:colcon.colcon_core.shell:Creating prefix chain script '/home/sbr/ros2_ws/install/setup.sh'
[3.715s] INFO:colcon.colcon_core.shell:Creating prefix script '/home/sbr/ros2_ws/install/local_setup.bash'
[3.716s] INFO:colcon.colcon_core.shell:Creating prefix chain script '/home/sbr/ros2_ws/install/setup.bash'
[3.720s] INFO:colcon.colcon_core.shell:Creating prefix script '/home/sbr/ros2_ws/install/local_setup.zsh'
[3.721s] INFO:colcon.colcon_core.shell:Creating prefix chain script '/home/sbr/ros2_ws/install/setup.zsh'
