running develop
Removing /home/sbr/ros2_ws/install/lib/python3.12/site-packages/my-first-pkg.egg-link (link to .)
running egg_info
writing ../../build/my_first_pkg/my_first_pkg.egg-info/PKG-INFO
writing dependency_links to ../../build/my_first_pkg/my_first_pkg.egg-info/dependency_links.txt
writing entry points to ../../build/my_first_pkg/my_first_pkg.egg-info/entry_points.txt
writing requirements to ../../build/my_first_pkg/my_first_pkg.egg-info/requires.txt
writing top-level names to ../../build/my_first_pkg/my_first_pkg.egg-info/top_level.txt
reading manifest file '../../build/my_first_pkg/my_first_pkg.egg-info/SOURCES.txt'
writing manifest file '../../build/my_first_pkg/my_first_pkg.egg-info/SOURCES.txt'
running build
running build_py
creating /home/sbr/ros2_ws/build/my_first_pkg/build
creating /home/sbr/ros2_ws/build/my_first_pkg/build/lib
creating /home/sbr/ros2_ws/build/my_first_pkg/build/lib/my_first_pkg
copying my_first_pkg/__init__.py -> /home/sbr/ros2_ws/build/my_first_pkg/build/lib/my_first_pkg
copying my_first_pkg/follow.py -> /home/sbr/ros2_ws/build/my_first_pkg/build/lib/my_first_pkg
running install
running install_lib
creating /home/sbr/ros2_ws/install/lib/python3.12/site-packages/my_first_pkg
copying /home/sbr/ros2_ws/build/my_first_pkg/build/lib/my_first_pkg/__init__.py -> /home/sbr/ros2_ws/install/lib/python3.12/site-packages/my_first_pkg
copying /home/sbr/ros2_ws/build/my_first_pkg/build/lib/my_first_pkg/follow.py -> /home/sbr/ros2_ws/install/lib/python3.12/site-packages/my_first_pkg
byte-compiling /home/sbr/ros2_ws/install/lib/python3.12/site-packages/my_first_pkg/__init__.py to __init__.cpython-312.pyc
byte-compiling /home/sbr/ros2_ws/install/lib/python3.12/site-packages/my_first_pkg/follow.py to follow.cpython-312.pyc
running install_egg_info
Copying ../../build/my_first_pkg/my_first_pkg.egg-info to /home/sbr/ros2_ws/install/lib/python3.12/site-packages/my_first_pkg-0.0.0-py3.12.egg-info
running install_scripts
Installing follow script to /home/sbr/ros2_ws/install/bin
writing list of installed files to '/home/sbr/ros2_ws/build/my_first_pkg/install.log'
