[2.010s] Invoking command in '/home/sbr/ros2_ws/build/my_first_pkg': DEBUGINFOD_URLS=https://debuginfod.ubuntu.com PYTHONPATH=/home/sbr/ros2_ws/build/my_first_pkg/prefix_override:/usr/lib/python3/dist-packages/colcon_core/task/python/colcon_distutils_commands:/home/sbr/ros2_ws/install/lib/python3.12/site-packages:${PYTHONPATH} /usr/bin/python3 -W ignore:setup.py install is deprecated -W ignore:easy_install command is deprecated setup.py develop --uninstall --editable --build-directory /home/sbr/ros2_ws/build/my_first_pkg/build
[2.626s] running develop
[2.977s] Removing /home/sbr/ros2_ws/install/lib/python3.12/site-packages/my-first-pkg.egg-link (link to .)
[3.159s] Invoked command in '/home/sbr/ros2_ws/build/my_first_pkg' returned '0': DEBUGINFOD_URLS=https://debuginfod.ubuntu.com PYTHONPATH=/home/sbr/ros2_ws/build/my_first_pkg/prefix_override:/usr/lib/python3/dist-packages/colcon_core/task/python/colcon_distutils_commands:/home/sbr/ros2_ws/install/lib/python3.12/site-packages:${PYTHONPATH} /usr/bin/python3 -W ignore:setup.py install is deprecated -W ignore:easy_install command is deprecated setup.py develop --uninstall --editable --build-directory /home/sbr/ros2_ws/build/my_first_pkg/build
[3.163s] Invoking command in '/home/sbr/ros2_ws/src/my_first_pkg': DEBUGINFOD_URLS=https://debuginfod.ubuntu.com PYTHONPATH=/home/sbr/ros2_ws/build/my_first_pkg/prefix_override:/usr/lib/python3/dist-packages/colcon_core/task/python/colcon_distutils_commands:/home/sbr/ros2_ws/install/lib/python3.12/site-packages:${PYTHONPATH} /usr/bin/python3 -W ignore:setup.py install is deprecated -W ignore:easy_install command is deprecated setup.py egg_info --egg-base ../../build/my_first_pkg build --build-base /home/sbr/ros2_ws/build/my_first_pkg/build install --record /home/sbr/ros2_ws/build/my_first_pkg/install.log --single-version-externally-managed
[3.637s] running egg_info
[3.670s] writing ../../build/my_first_pkg/my_first_pkg.egg-info/PKG-INFO
[3.717s] writing dependency_links to ../../build/my_first_pkg/my_first_pkg.egg-info/dependency_links.txt
[3.718s] writing entry points to ../../build/my_first_pkg/my_first_pkg.egg-info/entry_points.txt
[3.719s] writing requirements to ../../build/my_first_pkg/my_first_pkg.egg-info/requires.txt
[3.720s] writing top-level names to ../../build/my_first_pkg/my_first_pkg.egg-info/top_level.txt
[3.800s] reading manifest file '../../build/my_first_pkg/my_first_pkg.egg-info/SOURCES.txt'
[3.802s] writing manifest file '../../build/my_first_pkg/my_first_pkg.egg-info/SOURCES.txt'
[3.802s] running build
[3.802s] running build_py
[3.804s] creating /home/sbr/ros2_ws/build/my_first_pkg/build
[3.804s] creating /home/sbr/ros2_ws/build/my_first_pkg/build/lib
[3.805s] creating /home/sbr/ros2_ws/build/my_first_pkg/build/lib/my_first_pkg
[3.805s] copying my_first_pkg/__init__.py -> /home/sbr/ros2_ws/build/my_first_pkg/build/lib/my_first_pkg
[3.805s] copying my_first_pkg/follow.py -> /home/sbr/ros2_ws/build/my_first_pkg/build/lib/my_first_pkg
[3.805s] running install
[3.819s] running install_lib
[3.881s] creating /home/sbr/ros2_ws/install/lib/python3.12/site-packages/my_first_pkg
[3.881s] copying /home/sbr/ros2_ws/build/my_first_pkg/build/lib/my_first_pkg/__init__.py -> /home/sbr/ros2_ws/install/lib/python3.12/site-packages/my_first_pkg
[3.882s] copying /home/sbr/ros2_ws/build/my_first_pkg/build/lib/my_first_pkg/follow.py -> /home/sbr/ros2_ws/install/lib/python3.12/site-packages/my_first_pkg
[3.883s] byte-compiling /home/sbr/ros2_ws/install/lib/python3.12/site-packages/my_first_pkg/__init__.py to __init__.cpython-312.pyc
[3.885s] byte-compiling /home/sbr/ros2_ws/install/lib/python3.12/site-packages/my_first_pkg/follow.py to follow.cpython-312.pyc
[3.888s] running install_egg_info
[3.927s] Copying ../../build/my_first_pkg/my_first_pkg.egg-info to /home/sbr/ros2_ws/install/lib/python3.12/site-packages/my_first_pkg-0.0.0-py3.12.egg-info
[3.928s] running install_scripts
[4.210s] Installing follow script to /home/sbr/ros2_ws/install/bin
[4.211s] writing list of installed files to '/home/sbr/ros2_ws/build/my_first_pkg/install.log'
[4.377s] Invoked command in '/home/sbr/ros2_ws/src/my_first_pkg' returned '0': DEBUGINFOD_URLS=https://debuginfod.ubuntu.com PYTHONPATH=/home/sbr/ros2_ws/build/my_first_pkg/prefix_override:/usr/lib/python3/dist-packages/colcon_core/task/python/colcon_distutils_commands:/home/sbr/ros2_ws/install/lib/python3.12/site-packages:${PYTHONPATH} /usr/bin/python3 -W ignore:setup.py install is deprecated -W ignore:easy_install command is deprecated setup.py egg_info --egg-base ../../build/my_first_pkg build --build-base /home/sbr/ros2_ws/build/my_first_pkg/build install --record /home/sbr/ros2_ws/build/my_first_pkg/install.log --single-version-externally-managed
