[0.556s] Invoking command in '/home/sbr/ros2_ws/build/my_robot_description': CMAKE_PREFIX_PATH=${CMAKE_PREFIX_PATH}:/opt/ros/jazzy DEBUGINFOD_URLS=https://debuginfod.ubuntu.com /usr/bin/cmake /home/sbr/ros2_ws/src/my_robot_description -DCMAKE_INSTALL_PREFIX=/home/sbr/ros2_ws/install
[1.028s] -- The C compiler identification is GNU 13.3.0
[1.379s] -- The CXX compiler identification is GNU 13.3.0
[1.451s] -- Detecting C compiler ABI info
[1.764s] -- Detecting C compiler ABI info - done
[1.782s] -- Check for working C compiler: /usr/bin/cc - skipped
[1.789s] -- Detecting C compile features
[1.790s] -- Detecting C compile features - done
[1.825s] -- Detecting CXX compiler ABI info
[2.158s] -- Detecting CXX compiler ABI info - done
[2.184s] -- Check for working CXX compiler: /usr/bin/c++ - skipped
[2.184s] -- Detecting CXX compile features
[2.185s] -- Detecting CXX compile features - done
[2.207s] -- Found ament_cmake: 2.5.4 (/opt/ros/jazzy/share/ament_cmake/cmake)
[2.630s] -- Found Python3: /usr/bin/python3 (found version "3.12.3") found components: Interpreter 
[3.368s] -- Configuring done (2.8s)
[3.378s] -- Generating done (0.0s)
[3.380s] -- Build files have been written to: /home/sbr/ros2_ws/build/my_robot_description
[3.405s] Invoked command in '/home/sbr/ros2_ws/build/my_robot_description' returned '0': CMAKE_PREFIX_PATH=${CMAKE_PREFIX_PATH}:/opt/ros/jazzy DEBUGINFOD_URLS=https://debuginfod.ubuntu.com /usr/bin/cmake /home/sbr/ros2_ws/src/my_robot_description -DCMAKE_INSTALL_PREFIX=/home/sbr/ros2_ws/install
[3.408s] Invoking command in '/home/sbr/ros2_ws/build/my_robot_description': CMAKE_PREFIX_PATH=${CMAKE_PREFIX_PATH}:/opt/ros/jazzy DEBUGINFOD_URLS=https://debuginfod.ubuntu.com /usr/bin/cmake --build /home/sbr/ros2_ws/build/my_robot_description -- -j4 -l4
[3.733s] Invoked command in '/home/sbr/ros2_ws/build/my_robot_description' returned '0': CMAKE_PREFIX_PATH=${CMAKE_PREFIX_PATH}:/opt/ros/jazzy DEBUGINFOD_URLS=https://debuginfod.ubuntu.com /usr/bin/cmake --build /home/sbr/ros2_ws/build/my_robot_description -- -j4 -l4
[3.769s] Invoking command in '/home/sbr/ros2_ws/build/my_robot_description': CMAKE_PREFIX_PATH=${CMAKE_PREFIX_PATH}:/opt/ros/jazzy DEBUGINFOD_URLS=https://debuginfod.ubuntu.com /usr/bin/cmake --install /home/sbr/ros2_ws/build/my_robot_description
[3.798s] -- Install configuration: ""
[3.803s] -- Installing: /home/sbr/ros2_ws/install/share/my_robot_description/launch
[3.803s] -- Installing: /home/sbr/ros2_ws/install/share/my_robot_description/launch/simulation.launch.py
[3.806s] -- Installing: /home/sbr/ros2_ws/install/share/my_robot_description/launch/follow_with_sim.launch.py
[3.807s] -- Installing: /home/sbr/ros2_ws/install/share/my_robot_description/urdf
[3.807s] -- Installing: /home/sbr/ros2_ws/install/share/my_robot_description/urdf/my_robot.urdf.xacro
[3.807s] -- Installing: /home/sbr/ros2_ws/install/share/my_robot_description/worlds
[3.807s] -- Installing: /home/sbr/ros2_ws/install/share/my_robot_description/worlds/vision_follow.world
[3.807s] -- Installing: /home/sbr/ros2_ws/install/share/ament_index/resource_index/package_run_dependencies/my_robot_description
[3.807s] -- Installing: /home/sbr/ros2_ws/install/share/ament_index/resource_index/parent_prefix_path/my_robot_description
[3.807s] -- Installing: /home/sbr/ros2_ws/install/share/my_robot_description/environment/ament_prefix_path.sh
[3.813s] -- Installing: /home/sbr/ros2_ws/install/share/my_robot_description/environment/ament_prefix_path.dsv
[3.814s] -- Installing: /home/sbr/ros2_ws/install/share/my_robot_description/environment/path.sh
[3.814s] -- Installing: /home/sbr/ros2_ws/install/share/my_robot_description/environment/path.dsv
[3.814s] -- Installing: /home/sbr/ros2_ws/install/share/my_robot_description/local_setup.bash
[3.814s] -- Installing: /home/sbr/ros2_ws/install/share/my_robot_description/local_setup.sh
[3.814s] -- Installing: /home/sbr/ros2_ws/install/share/my_robot_description/local_setup.zsh
[3.820s] -- Installing: /home/sbr/ros2_ws/install/share/my_robot_description/local_setup.dsv
[3.821s] -- Installing: /home/sbr/ros2_ws/install/share/my_robot_description/package.dsv
[3.821s] -- Installing: /home/sbr/ros2_ws/install/share/ament_index/resource_index/packages/my_robot_description
[3.821s] -- Installing: /home/sbr/ros2_ws/install/share/my_robot_description/cmake/my_robot_descriptionConfig.cmake
[3.821s] -- Installing: /home/sbr/ros2_ws/install/share/my_robot_description/cmake/my_robot_descriptionConfig-version.cmake
[3.822s] -- Installing: /home/sbr/ros2_ws/install/share/my_robot_description/package.xml
[3.838s] Invoked command in '/home/sbr/ros2_ws/build/my_robot_description' returned '0': CMAKE_PREFIX_PATH=${CMAKE_PREFIX_PATH}:/opt/ros/jazzy DEBUGINFOD_URLS=https://debuginfod.ubuntu.com /usr/bin/cmake --install /home/sbr/ros2_ws/build/my_robot_description
