[0.606s] Invoking command in '/home/sbr/ros2_ws/build/my_robot_description': CMAKE_PREFIX_PATH=${CMAKE_PREFIX_PATH}:/opt/ros/jazzy DEBUGINFOD_URLS=https://debuginfod.ubuntu.com /usr/bin/cmake --build /home/sbr/ros2_ws/build/my_robot_description -- -j4 -l4
[0.876s] Invoked command in '/home/sbr/ros2_ws/build/my_robot_description' returned '0': CMAKE_PREFIX_PATH=${CMAKE_PREFIX_PATH}:/opt/ros/jazzy DEBUGINFOD_URLS=https://debuginfod.ubuntu.com /usr/bin/cmake --build /home/sbr/ros2_ws/build/my_robot_description -- -j4 -l4
[0.937s] Invoking command in '/home/sbr/ros2_ws/build/my_robot_description': CMAKE_PREFIX_PATH=${CMAKE_PREFIX_PATH}:/opt/ros/jazzy DEBUGINFOD_URLS=https://debuginfod.ubuntu.com /usr/bin/cmake --install /home/sbr/ros2_ws/build/my_robot_description
[0.989s] -- Install configuration: ""
[0.991s] -- Up-to-date: /home/sbr/ros2_ws/install/share/my_robot_description/launch
[0.992s] -- Installing: /home/sbr/ros2_ws/install/share/my_robot_description/launch/simulation.launch.py
[0.993s] -- Up-to-date: /home/sbr/ros2_ws/install/share/my_robot_description/launch/follow_with_sim.launch.py
[0.998s] -- Up-to-date: /home/sbr/ros2_ws/install/share/my_robot_description/urdf
[0.998s] -- Up-to-date: /home/sbr/ros2_ws/install/share/my_robot_description/urdf/my_robot.urdf.xacro
[0.998s] -- Up-to-date: /home/sbr/ros2_ws/install/share/my_robot_description/worlds
[0.998s] -- Up-to-date: /home/sbr/ros2_ws/install/share/my_robot_description/worlds/vision_follow.world
[0.998s] -- Up-to-date: /home/sbr/ros2_ws/install/share/ament_index/resource_index/package_run_dependencies/my_robot_description
[0.998s] -- Up-to-date: /home/sbr/ros2_ws/install/share/ament_index/resource_index/parent_prefix_path/my_robot_description
[0.999s] -- Up-to-date: /home/sbr/ros2_ws/install/share/my_robot_description/environment/ament_prefix_path.sh
[0.999s] -- Up-to-date: /home/sbr/ros2_ws/install/share/my_robot_description/environment/ament_prefix_path.dsv
[0.999s] -- Up-to-date: /home/sbr/ros2_ws/install/share/my_robot_description/environment/path.sh
[1.006s] -- Up-to-date: /home/sbr/ros2_ws/install/share/my_robot_description/environment/path.dsv
[1.007s] -- Up-to-date: /home/sbr/ros2_ws/install/share/my_robot_description/local_setup.bash
[1.007s] -- Up-to-date: /home/sbr/ros2_ws/install/share/my_robot_description/local_setup.sh
[1.007s] -- Up-to-date: /home/sbr/ros2_ws/install/share/my_robot_description/local_setup.zsh
[1.007s] -- Up-to-date: /home/sbr/ros2_ws/install/share/my_robot_description/local_setup.dsv
[1.007s] -- Installing: /home/sbr/ros2_ws/install/share/my_robot_description/package.dsv
[1.007s] -- Up-to-date: /home/sbr/ros2_ws/install/share/ament_index/resource_index/packages/my_robot_description
[1.008s] -- Up-to-date: /home/sbr/ros2_ws/install/share/my_robot_description/cmake/my_robot_descriptionConfig.cmake
[1.010s] -- Up-to-date: /home/sbr/ros2_ws/install/share/my_robot_description/cmake/my_robot_descriptionConfig-version.cmake
[1.010s] -- Up-to-date: /home/sbr/ros2_ws/install/share/my_robot_description/package.xml
[1.025s] Invoked command in '/home/sbr/ros2_ws/build/my_robot_description' returned '0': CMAKE_PREFIX_PATH=${CMAKE_PREFIX_PATH}:/opt/ros/jazzy DEBUGINFOD_URLS=https://debuginfod.ubuntu.com /usr/bin/cmake --install /home/sbr/ros2_ws/build/my_robot_description
